[0.877s] Invoking command in '/home/ryu/hardware-integrations/demo_arm_ws/build/my_robot_commander_py': DEBUGINFOD_URLS=https://debuginfod.ubuntu.com PYTHONPATH=/home/ryu/hardware-integrations/demo_arm_ws/build/my_robot_commander_py/prefix_override:/usr/lib/python3/dist-packages/colcon_core/task/python/colcon_distutils_commands:/home/ryu/hardware-integrations/demo_arm_ws/install/my_robot_commander_py/lib/python3.12/site-packages:${PYTHONPATH} /usr/bin/python3 -W ignore:setup.py install is deprecated -W ignore:easy_install command is deprecated setup.py develop --editable --build-directory /home/ryu/hardware-integrations/demo_arm_ws/build/my_robot_commander_py/build --no-deps symlink_data
[1.056s] running develop
[1.169s] running egg_info
[1.169s] creating my_robot_commander_py.egg-info
[1.180s] writing my_robot_commander_py.egg-info/PKG-INFO
[1.180s] writing dependency_links to my_robot_commander_py.egg-info/dependency_links.txt
[1.181s] writing entry points to my_robot_commander_py.egg-info/entry_points.txt
[1.181s] writing requirements to my_robot_commander_py.egg-info/requires.txt
[1.181s] writing top-level names to my_robot_commander_py.egg-info/top_level.txt
[1.181s] writing manifest file 'my_robot_commander_py.egg-info/SOURCES.txt'
[1.211s] reading manifest file 'my_robot_commander_py.egg-info/SOURCES.txt'
[1.212s] writing manifest file 'my_robot_commander_py.egg-info/SOURCES.txt'
[1.227s] running build_ext
[1.227s] Creating /home/ryu/hardware-integrations/demo_arm_ws/install/my_robot_commander_py/lib/python3.12/site-packages/my-robot-commander-py.egg-link (link to .)
[1.228s] Installing commander script to /home/ryu/hardware-integrations/demo_arm_ws/install/my_robot_commander_py/lib/my_robot_commander_py
[1.228s] Installing test_moveit script to /home/ryu/hardware-integrations/demo_arm_ws/install/my_robot_commander_py/lib/my_robot_commander_py
[1.228s] Installing test_moveit2 script to /home/ryu/hardware-integrations/demo_arm_ws/install/my_robot_commander_py/lib/my_robot_commander_py
[1.228s] 
[1.228s] Installed /home/ryu/hardware-integrations/demo_arm_ws/build/my_robot_commander_py
[1.228s] running symlink_data
[1.228s] creating /home/ryu/hardware-integrations/demo_arm_ws/install/my_robot_commander_py/share/ament_index
[1.228s] creating /home/ryu/hardware-integrations/demo_arm_ws/install/my_robot_commander_py/share/ament_index/resource_index
[1.228s] creating /home/ryu/hardware-integrations/demo_arm_ws/install/my_robot_commander_py/share/ament_index/resource_index/packages
[1.228s] symbolically linking /home/ryu/hardware-integrations/demo_arm_ws/build/my_robot_commander_py/resource/my_robot_commander_py -> /home/ryu/hardware-integrations/demo_arm_ws/install/my_robot_commander_py/share/ament_index/resource_index/packages
[1.228s] symbolically linking /home/ryu/hardware-integrations/demo_arm_ws/build/my_robot_commander_py/package.xml -> /home/ryu/hardware-integrations/demo_arm_ws/install/my_robot_commander_py/share/my_robot_commander_py
[1.257s] Invoked command in '/home/ryu/hardware-integrations/demo_arm_ws/build/my_robot_commander_py' returned '0': DEBUGINFOD_URLS=https://debuginfod.ubuntu.com PYTHONPATH=/home/ryu/hardware-integrations/demo_arm_ws/build/my_robot_commander_py/prefix_override:/usr/lib/python3/dist-packages/colcon_core/task/python/colcon_distutils_commands:/home/ryu/hardware-integrations/demo_arm_ws/install/my_robot_commander_py/lib/python3.12/site-packages:${PYTHONPATH} /usr/bin/python3 -W ignore:setup.py install is deprecated -W ignore:easy_install command is deprecated setup.py develop --editable --build-directory /home/ryu/hardware-integrations/demo_arm_ws/build/my_robot_commander_py/build --no-deps symlink_data
