[0.098s] DEBUG:colcon:Command line arguments: ['/usr/bin/colcon', 'build', '--symlink-install']
[0.098s] DEBUG:colcon:Parsed command line arguments: Namespace(log_base=None, log_level=None, verb_name='build', build_base='build', install_base='install', merge_install=False, symlink_install=True, test_result_base=None, continue_on_error=False, executor='parallel', parallel_workers=16, event_handlers=None, ignore_user_meta=False, metas=['./colcon.meta'], base_paths=['.'], packages_ignore=None, packages_ignore_regex=None, paths=None, packages_up_to=None, packages_up_to_regex=None, packages_above=None, packages_above_and_dependencies=None, packages_above_depth=None, packages_select_by_dep=None, packages_skip_by_dep=None, packages_skip_up_to=None, packages_select_build_failed=False, packages_skip_build_finished=False, packages_select_test_failures=False, packages_skip_test_passed=False, packages_select=None, packages_skip=None, packages_select_regex=None, packages_skip_regex=None, packages_start=None, packages_end=None, allow_overriding=[], cmake_args=None, cmake_target=None, cmake_target_skip_unavailable=False, cmake_clean_cache=False, cmake_clean_first=False, cmake_force_configure=False, ament_cmake_args=None, catkin_cmake_args=None, catkin_skip_building_tests=False, mixin_files=None, mixin=None, verb_parser=<colcon_mixin.mixin.mixin_argument.MixinArgumentDecorator object at 0x78c712ada720>, verb_extension=<colcon_core.verb.build.BuildVerb object at 0x78c712bf2f60>, main=<bound method BuildVerb.main of <colcon_core.verb.build.BuildVerb object at 0x78c712bf2f60>>, mixin_verb=('build',))
[0.131s] Level 1:colcon.colcon_core.package_discovery:discover_packages(colcon_meta) check parameters
[0.132s] Level 1:colcon.colcon_core.package_discovery:discover_packages(recursive) check parameters
[0.132s] Level 1:colcon.colcon_core.package_discovery:discover_packages(ignore) check parameters
[0.132s] Level 1:colcon.colcon_core.package_discovery:discover_packages(path) check parameters
[0.132s] Level 1:colcon.colcon_core.package_discovery:discover_packages(colcon_meta) discover
[0.132s] Level 1:colcon.colcon_core.package_discovery:discover_packages(recursive) discover
[0.132s] INFO:colcon.colcon_core.package_discovery:Crawling recursively for packages in '/home/ryu/hardware-integrations/demo_arm_ws'
[0.132s] Level 1:colcon.colcon_core.package_identification:_identify(.) by extensions ['ignore', 'ignore_ament_install']
[0.132s] Level 1:colcon.colcon_core.package_identification:_identify(.) by extension 'ignore'
[0.132s] Level 1:colcon.colcon_core.package_identification:_identify(.) by extension 'ignore_ament_install'
[0.132s] Level 1:colcon.colcon_core.package_identification:_identify(.) by extensions ['colcon_pkg']
[0.132s] Level 1:colcon.colcon_core.package_identification:_identify(.) by extension 'colcon_pkg'
[0.132s] Level 1:colcon.colcon_core.package_identification:_identify(.) by extensions ['colcon_meta']
[0.132s] Level 1:colcon.colcon_core.package_identification:_identify(.) by extension 'colcon_meta'
[0.132s] Level 1:colcon.colcon_core.package_identification:_identify(.) by extensions ['ros']
[0.132s] Level 1:colcon.colcon_core.package_identification:_identify(.) by extension 'ros'
[0.155s] Level 1:colcon.colcon_core.package_identification:_identify(.) by extensions ['cmake', 'python']
[0.155s] Level 1:colcon.colcon_core.package_identification:_identify(.) by extension 'cmake'
[0.155s] Level 1:colcon.colcon_core.package_identification:_identify(.) by extension 'python'
[0.155s] Level 1:colcon.colcon_core.package_identification:_identify(.) by extensions ['python_setup_py']
[0.155s] Level 1:colcon.colcon_core.package_identification:_identify(.) by extension 'python_setup_py'
[0.156s] Level 1:colcon.colcon_core.package_identification:_identify(build) by extensions ['ignore', 'ignore_ament_install']
[0.156s] Level 1:colcon.colcon_core.package_identification:_identify(build) by extension 'ignore'
[0.156s] Level 1:colcon.colcon_core.package_identification:_identify(build) ignored
[0.156s] Level 1:colcon.colcon_core.package_identification:_identify(install) by extensions ['ignore', 'ignore_ament_install']
[0.156s] Level 1:colcon.colcon_core.package_identification:_identify(install) by extension 'ignore'
[0.156s] Level 1:colcon.colcon_core.package_identification:_identify(install) ignored
[0.156s] Level 1:colcon.colcon_core.package_identification:_identify(log) by extensions ['ignore', 'ignore_ament_install']
[0.156s] Level 1:colcon.colcon_core.package_identification:_identify(log) by extension 'ignore'
[0.156s] Level 1:colcon.colcon_core.package_identification:_identify(log) ignored
[0.156s] Level 1:colcon.colcon_core.package_identification:_identify(src) by extensions ['ignore', 'ignore_ament_install']
[0.156s] Level 1:colcon.colcon_core.package_identification:_identify(src) by extension 'ignore'
[0.156s] Level 1:colcon.colcon_core.package_identification:_identify(src) by extension 'ignore_ament_install'
[0.156s] Level 1:colcon.colcon_core.package_identification:_identify(src) by extensions ['colcon_pkg']
[0.156s] Level 1:colcon.colcon_core.package_identification:_identify(src) by extension 'colcon_pkg'
[0.156s] Level 1:colcon.colcon_core.package_identification:_identify(src) by extensions ['colcon_meta']
[0.156s] Level 1:colcon.colcon_core.package_identification:_identify(src) by extension 'colcon_meta'
[0.156s] Level 1:colcon.colcon_core.package_identification:_identify(src) by extensions ['ros']
[0.156s] Level 1:colcon.colcon_core.package_identification:_identify(src) by extension 'ros'
[0.156s] Level 1:colcon.colcon_core.package_identification:_identify(src) by extensions ['cmake', 'python']
[0.156s] Level 1:colcon.colcon_core.package_identification:_identify(src) by extension 'cmake'
[0.156s] Level 1:colcon.colcon_core.package_identification:_identify(src) by extension 'python'
[0.156s] Level 1:colcon.colcon_core.package_identification:_identify(src) by extensions ['python_setup_py']
[0.156s] Level 1:colcon.colcon_core.package_identification:_identify(src) by extension 'python_setup_py'
[0.157s] Level 1:colcon.colcon_core.package_identification:_identify(src/my_robot_bringup) by extensions ['ignore', 'ignore_ament_install']
[0.157s] Level 1:colcon.colcon_core.package_identification:_identify(src/my_robot_bringup) by extension 'ignore'
[0.157s] Level 1:colcon.colcon_core.package_identification:_identify(src/my_robot_bringup) by extension 'ignore_ament_install'
[0.157s] Level 1:colcon.colcon_core.package_identification:_identify(src/my_robot_bringup) by extensions ['colcon_pkg']
[0.157s] Level 1:colcon.colcon_core.package_identification:_identify(src/my_robot_bringup) by extension 'colcon_pkg'
[0.157s] Level 1:colcon.colcon_core.package_identification:_identify(src/my_robot_bringup) by extensions ['colcon_meta']
[0.157s] Level 1:colcon.colcon_core.package_identification:_identify(src/my_robot_bringup) by extension 'colcon_meta'
[0.157s] Level 1:colcon.colcon_core.package_identification:_identify(src/my_robot_bringup) by extensions ['ros']
[0.157s] Level 1:colcon.colcon_core.package_identification:_identify(src/my_robot_bringup) by extension 'ros'
[0.159s] DEBUG:colcon.colcon_core.package_identification:Package 'src/my_robot_bringup' with type 'ros.ament_cmake' and name 'my_robot_bringup'
[0.159s] Level 1:colcon.colcon_core.package_identification:_identify(src/my_robot_commander_py) by extensions ['ignore', 'ignore_ament_install']
[0.159s] Level 1:colcon.colcon_core.package_identification:_identify(src/my_robot_commander_py) by extension 'ignore'
[0.159s] Level 1:colcon.colcon_core.package_identification:_identify(src/my_robot_commander_py) by extension 'ignore_ament_install'
[0.159s] Level 1:colcon.colcon_core.package_identification:_identify(src/my_robot_commander_py) by extensions ['colcon_pkg']
[0.159s] Level 1:colcon.colcon_core.package_identification:_identify(src/my_robot_commander_py) by extension 'colcon_pkg'
[0.159s] Level 1:colcon.colcon_core.package_identification:_identify(src/my_robot_commander_py) by extensions ['colcon_meta']
[0.159s] Level 1:colcon.colcon_core.package_identification:_identify(src/my_robot_commander_py) by extension 'colcon_meta'
[0.159s] Level 1:colcon.colcon_core.package_identification:_identify(src/my_robot_commander_py) by extensions ['ros']
[0.159s] Level 1:colcon.colcon_core.package_identification:_identify(src/my_robot_commander_py) by extension 'ros'
[0.160s] DEBUG:colcon.colcon_core.package_identification:Package 'src/my_robot_commander_py' with type 'ros.ament_python' and name 'my_robot_commander_py'
[0.160s] Level 1:colcon.colcon_core.package_identification:_identify(src/my_robot_description) by extensions ['ignore', 'ignore_ament_install']
[0.160s] Level 1:colcon.colcon_core.package_identification:_identify(src/my_robot_description) by extension 'ignore'
[0.160s] Level 1:colcon.colcon_core.package_identification:_identify(src/my_robot_description) by extension 'ignore_ament_install'
[0.160s] Level 1:colcon.colcon_core.package_identification:_identify(src/my_robot_description) by extensions ['colcon_pkg']
[0.160s] Level 1:colcon.colcon_core.package_identification:_identify(src/my_robot_description) by extension 'colcon_pkg'
[0.160s] Level 1:colcon.colcon_core.package_identification:_identify(src/my_robot_description) by extensions ['colcon_meta']
[0.160s] Level 1:colcon.colcon_core.package_identification:_identify(src/my_robot_description) by extension 'colcon_meta'
[0.160s] Level 1:colcon.colcon_core.package_identification:_identify(src/my_robot_description) by extensions ['ros']
[0.160s] Level 1:colcon.colcon_core.package_identification:_identify(src/my_robot_description) by extension 'ros'
[0.160s] DEBUG:colcon.colcon_core.package_identification:Package 'src/my_robot_description' with type 'ros.ament_cmake' and name 'my_robot_description'
[0.160s] Level 1:colcon.colcon_core.package_identification:_identify(src/my_robot_interfaces) by extensions ['ignore', 'ignore_ament_install']
[0.160s] Level 1:colcon.colcon_core.package_identification:_identify(src/my_robot_interfaces) by extension 'ignore'
[0.161s] Level 1:colcon.colcon_core.package_identification:_identify(src/my_robot_interfaces) by extension 'ignore_ament_install'
[0.161s] Level 1:colcon.colcon_core.package_identification:_identify(src/my_robot_interfaces) by extensions ['colcon_pkg']
[0.161s] Level 1:colcon.colcon_core.package_identification:_identify(src/my_robot_interfaces) by extension 'colcon_pkg'
[0.161s] Level 1:colcon.colcon_core.package_identification:_identify(src/my_robot_interfaces) by extensions ['colcon_meta']
[0.161s] Level 1:colcon.colcon_core.package_identification:_identify(src/my_robot_interfaces) by extension 'colcon_meta'
[0.161s] Level 1:colcon.colcon_core.package_identification:_identify(src/my_robot_interfaces) by extensions ['ros']
[0.161s] Level 1:colcon.colcon_core.package_identification:_identify(src/my_robot_interfaces) by extension 'ros'
[0.161s] DEBUG:colcon.colcon_core.package_identification:Package 'src/my_robot_interfaces' with type 'ros.ament_cmake' and name 'my_robot_interfaces'
[0.161s] Level 1:colcon.colcon_core.package_identification:_identify(src/my_robot_moveit_config) by extensions ['ignore', 'ignore_ament_install']
[0.161s] Level 1:colcon.colcon_core.package_identification:_identify(src/my_robot_moveit_config) by extension 'ignore'
[0.161s] Level 1:colcon.colcon_core.package_identification:_identify(src/my_robot_moveit_config) by extension 'ignore_ament_install'
[0.161s] Level 1:colcon.colcon_core.package_identification:_identify(src/my_robot_moveit_config) by extensions ['colcon_pkg']
[0.161s] Level 1:colcon.colcon_core.package_identification:_identify(src/my_robot_moveit_config) by extension 'colcon_pkg'
[0.161s] Level 1:colcon.colcon_core.package_identification:_identify(src/my_robot_moveit_config) by extensions ['colcon_meta']
[0.161s] Level 1:colcon.colcon_core.package_identification:_identify(src/my_robot_moveit_config) by extension 'colcon_meta'
[0.161s] Level 1:colcon.colcon_core.package_identification:_identify(src/my_robot_moveit_config) by extensions ['ros']
[0.161s] Level 1:colcon.colcon_core.package_identification:_identify(src/my_robot_moveit_config) by extension 'ros'
[0.162s] DEBUG:colcon.colcon_core.package_identification:Package 'src/my_robot_moveit_config' with type 'ros.ament_cmake' and name 'my_robot_moveit_config'
[0.162s] Level 1:colcon.colcon_core.package_discovery:discover_packages(recursive) using defaults
[0.162s] Level 1:colcon.colcon_core.package_discovery:discover_packages(ignore) discover
[0.162s] Level 1:colcon.colcon_core.package_discovery:discover_packages(ignore) using defaults
[0.162s] Level 1:colcon.colcon_core.package_discovery:discover_packages(path) discover
[0.162s] Level 1:colcon.colcon_core.package_discovery:discover_packages(path) using defaults
[0.180s] Level 1:colcon.colcon_core.package_discovery:discover_packages(prefix_path) check parameters
[0.180s] Level 1:colcon.colcon_core.package_discovery:discover_packages(prefix_path) discover
[0.183s] DEBUG:colcon.colcon_installed_package_information.package_discovery:Found 512 installed packages in /opt/ros/jazzy
[0.184s] Level 1:colcon.colcon_core.package_discovery:discover_packages(prefix_path) using defaults
[0.249s] Level 5:colcon.colcon_core.verb:set package 'my_robot_commander_py' build argument 'cmake_args' from command line to 'None'
[0.249s] Level 5:colcon.colcon_core.verb:set package 'my_robot_commander_py' build argument 'cmake_target' from command line to 'None'
[0.249s] Level 5:colcon.colcon_core.verb:set package 'my_robot_commander_py' build argument 'cmake_target_skip_unavailable' from command line to 'False'
[0.249s] Level 5:colcon.colcon_core.verb:set package 'my_robot_commander_py' build argument 'cmake_clean_cache' from command line to 'False'
[0.249s] Level 5:colcon.colcon_core.verb:set package 'my_robot_commander_py' build argument 'cmake_clean_first' from command line to 'False'
[0.249s] Level 5:colcon.colcon_core.verb:set package 'my_robot_commander_py' build argument 'cmake_force_configure' from command line to 'False'
[0.249s] Level 5:colcon.colcon_core.verb:set package 'my_robot_commander_py' build argument 'ament_cmake_args' from command line to 'None'
[0.249s] Level 5:colcon.colcon_core.verb:set package 'my_robot_commander_py' build argument 'catkin_cmake_args' from command line to 'None'
[0.249s] Level 5:colcon.colcon_core.verb:set package 'my_robot_commander_py' build argument 'catkin_skip_building_tests' from command line to 'False'
[0.249s] DEBUG:colcon.colcon_core.verb:Building package 'my_robot_commander_py' with the following arguments: {'ament_cmake_args': None, 'build_base': '/home/ryu/hardware-integrations/demo_arm_ws/build/my_robot_commander_py', 'catkin_cmake_args': None, 'catkin_skip_building_tests': False, 'cmake_args': None, 'cmake_clean_cache': False, 'cmake_clean_first': False, 'cmake_force_configure': False, 'cmake_target': None, 'cmake_target_skip_unavailable': False, 'install_base': '/home/ryu/hardware-integrations/demo_arm_ws/install/my_robot_commander_py', 'merge_install': False, 'path': '/home/ryu/hardware-integrations/demo_arm_ws/src/my_robot_commander_py', 'symlink_install': True, 'test_result_base': None}
[0.249s] Level 5:colcon.colcon_core.verb:set package 'my_robot_description' build argument 'cmake_args' from command line to 'None'
[0.250s] Level 5:colcon.colcon_core.verb:set package 'my_robot_description' build argument 'cmake_target' from command line to 'None'
[0.250s] Level 5:colcon.colcon_core.verb:set package 'my_robot_description' build argument 'cmake_target_skip_unavailable' from command line to 'False'
[0.250s] Level 5:colcon.colcon_core.verb:set package 'my_robot_description' build argument 'cmake_clean_cache' from command line to 'False'
[0.250s] Level 5:colcon.colcon_core.verb:set package 'my_robot_description' build argument 'cmake_clean_first' from command line to 'False'
[0.250s] Level 5:colcon.colcon_core.verb:set package 'my_robot_description' build argument 'cmake_force_configure' from command line to 'False'
[0.250s] Level 5:colcon.colcon_core.verb:set package 'my_robot_description' build argument 'ament_cmake_args' from command line to 'None'
[0.250s] Level 5:colcon.colcon_core.verb:set package 'my_robot_description' build argument 'catkin_cmake_args' from command line to 'None'
[0.250s] Level 5:colcon.colcon_core.verb:set package 'my_robot_description' build argument 'catkin_skip_building_tests' from command line to 'False'
[0.250s] DEBUG:colcon.colcon_core.verb:Building package 'my_robot_description' with the following arguments: {'ament_cmake_args': None, 'build_base': '/home/ryu/hardware-integrations/demo_arm_ws/build/my_robot_description', 'catkin_cmake_args': None, 'catkin_skip_building_tests': False, 'cmake_args': None, 'cmake_clean_cache': False, 'cmake_clean_first': False, 'cmake_force_configure': False, 'cmake_target': None, 'cmake_target_skip_unavailable': False, 'install_base': '/home/ryu/hardware-integrations/demo_arm_ws/install/my_robot_description', 'merge_install': False, 'path': '/home/ryu/hardware-integrations/demo_arm_ws/src/my_robot_description', 'symlink_install': True, 'test_result_base': None}
[0.250s] Level 5:colcon.colcon_core.verb:set package 'my_robot_interfaces' build argument 'cmake_args' from command line to 'None'
[0.250s] Level 5:colcon.colcon_core.verb:set package 'my_robot_interfaces' build argument 'cmake_target' from command line to 'None'
[0.250s] Level 5:colcon.colcon_core.verb:set package 'my_robot_interfaces' build argument 'cmake_target_skip_unavailable' from command line to 'False'
[0.250s] Level 5:colcon.colcon_core.verb:set package 'my_robot_interfaces' build argument 'cmake_clean_cache' from command line to 'False'
[0.250s] Level 5:colcon.colcon_core.verb:set package 'my_robot_interfaces' build argument 'cmake_clean_first' from command line to 'False'
[0.250s] Level 5:colcon.colcon_core.verb:set package 'my_robot_interfaces' build argument 'cmake_force_configure' from command line to 'False'
[0.250s] Level 5:colcon.colcon_core.verb:set package 'my_robot_interfaces' build argument 'ament_cmake_args' from command line to 'None'
[0.250s] Level 5:colcon.colcon_core.verb:set package 'my_robot_interfaces' build argument 'catkin_cmake_args' from command line to 'None'
[0.250s] Level 5:colcon.colcon_core.verb:set package 'my_robot_interfaces' build argument 'catkin_skip_building_tests' from command line to 'False'
[0.250s] DEBUG:colcon.colcon_core.verb:Building package 'my_robot_interfaces' with the following arguments: {'ament_cmake_args': None, 'build_base': '/home/ryu/hardware-integrations/demo_arm_ws/build/my_robot_interfaces', 'catkin_cmake_args': None, 'catkin_skip_building_tests': False, 'cmake_args': None, 'cmake_clean_cache': False, 'cmake_clean_first': False, 'cmake_force_configure': False, 'cmake_target': None, 'cmake_target_skip_unavailable': False, 'install_base': '/home/ryu/hardware-integrations/demo_arm_ws/install/my_robot_interfaces', 'merge_install': False, 'path': '/home/ryu/hardware-integrations/demo_arm_ws/src/my_robot_interfaces', 'symlink_install': True, 'test_result_base': None}
[0.250s] Level 5:colcon.colcon_core.verb:set package 'my_robot_moveit_config' build argument 'cmake_args' from command line to 'None'
[0.250s] Level 5:colcon.colcon_core.verb:set package 'my_robot_moveit_config' build argument 'cmake_target' from command line to 'None'
[0.250s] Level 5:colcon.colcon_core.verb:set package 'my_robot_moveit_config' build argument 'cmake_target_skip_unavailable' from command line to 'False'
[0.250s] Level 5:colcon.colcon_core.verb:set package 'my_robot_moveit_config' build argument 'cmake_clean_cache' from command line to 'False'
[0.250s] Level 5:colcon.colcon_core.verb:set package 'my_robot_moveit_config' build argument 'cmake_clean_first' from command line to 'False'
[0.250s] Level 5:colcon.colcon_core.verb:set package 'my_robot_moveit_config' build argument 'cmake_force_configure' from command line to 'False'
[0.250s] Level 5:colcon.colcon_core.verb:set package 'my_robot_moveit_config' build argument 'ament_cmake_args' from command line to 'None'
[0.250s] Level 5:colcon.colcon_core.verb:set package 'my_robot_moveit_config' build argument 'catkin_cmake_args' from command line to 'None'
[0.250s] Level 5:colcon.colcon_core.verb:set package 'my_robot_moveit_config' build argument 'catkin_skip_building_tests' from command line to 'False'
[0.250s] DEBUG:colcon.colcon_core.verb:Building package 'my_robot_moveit_config' with the following arguments: {'ament_cmake_args': None, 'build_base': '/home/ryu/hardware-integrations/demo_arm_ws/build/my_robot_moveit_config', 'catkin_cmake_args': None, 'catkin_skip_building_tests': False, 'cmake_args': None, 'cmake_clean_cache': False, 'cmake_clean_first': False, 'cmake_force_configure': False, 'cmake_target': None, 'cmake_target_skip_unavailable': False, 'install_base': '/home/ryu/hardware-integrations/demo_arm_ws/install/my_robot_moveit_config', 'merge_install': False, 'path': '/home/ryu/hardware-integrations/demo_arm_ws/src/my_robot_moveit_config', 'symlink_install': True, 'test_result_base': None}
[0.250s] Level 5:colcon.colcon_core.verb:set package 'my_robot_bringup' build argument 'cmake_args' from command line to 'None'
[0.250s] Level 5:colcon.colcon_core.verb:set package 'my_robot_bringup' build argument 'cmake_target' from command line to 'None'
[0.250s] Level 5:colcon.colcon_core.verb:set package 'my_robot_bringup' build argument 'cmake_target_skip_unavailable' from command line to 'False'
[0.250s] Level 5:colcon.colcon_core.verb:set package 'my_robot_bringup' build argument 'cmake_clean_cache' from command line to 'False'
[0.250s] Level 5:colcon.colcon_core.verb:set package 'my_robot_bringup' build argument 'cmake_clean_first' from command line to 'False'
[0.250s] Level 5:colcon.colcon_core.verb:set package 'my_robot_bringup' build argument 'cmake_force_configure' from command line to 'False'
[0.250s] Level 5:colcon.colcon_core.verb:set package 'my_robot_bringup' build argument 'ament_cmake_args' from command line to 'None'
[0.251s] Level 5:colcon.colcon_core.verb:set package 'my_robot_bringup' build argument 'catkin_cmake_args' from command line to 'None'
[0.251s] Level 5:colcon.colcon_core.verb:set package 'my_robot_bringup' build argument 'catkin_skip_building_tests' from command line to 'False'
[0.251s] DEBUG:colcon.colcon_core.verb:Building package 'my_robot_bringup' with the following arguments: {'ament_cmake_args': None, 'build_base': '/home/ryu/hardware-integrations/demo_arm_ws/build/my_robot_bringup', 'catkin_cmake_args': None, 'catkin_skip_building_tests': False, 'cmake_args': None, 'cmake_clean_cache': False, 'cmake_clean_first': False, 'cmake_force_configure': False, 'cmake_target': None, 'cmake_target_skip_unavailable': False, 'install_base': '/home/ryu/hardware-integrations/demo_arm_ws/install/my_robot_bringup', 'merge_install': False, 'path': '/home/ryu/hardware-integrations/demo_arm_ws/src/my_robot_bringup', 'symlink_install': True, 'test_result_base': None}
[0.251s] INFO:colcon.colcon_core.executor:Executing jobs using 'parallel' executor
[0.252s] DEBUG:colcon.colcon_parallel_executor.executor.parallel:run_until_complete
[0.252s] INFO:colcon.colcon_ros.task.ament_cmake.build:Building ROS package in '/home/ryu/hardware-integrations/demo_arm_ws/src/my_robot_description' with build type 'ament_cmake'
[0.252s] INFO:colcon.colcon_cmake.task.cmake.build:Building CMake package in '/home/ryu/hardware-integrations/demo_arm_ws/src/my_robot_description'
[0.255s] INFO:colcon.colcon_core.plugin_system:Skipping extension 'colcon_core.shell.bat': Not used on non-Windows systems
[0.255s] INFO:colcon.colcon_core.shell:Skip shell extension 'powershell' for command environment: Not usable outside of PowerShell
[0.255s] DEBUG:colcon.colcon_core.shell:Skip shell extension 'dsv' for command environment
[0.259s] INFO:colcon.colcon_ros.task.ament_python.build:Building ROS package in '/home/ryu/hardware-integrations/demo_arm_ws/src/my_robot_commander_py' with build type 'ament_python'
[0.259s] Level 1:colcon.colcon_core.shell:create_environment_hook('my_robot_commander_py', 'ament_prefix_path')
[0.259s] INFO:colcon.colcon_core.shell:Creating environment hook '/home/ryu/hardware-integrations/demo_arm_ws/install/my_robot_commander_py/share/my_robot_commander_py/hook/ament_prefix_path.ps1'
[0.260s] INFO:colcon.colcon_core.shell:Creating environment descriptor '/home/ryu/hardware-integrations/demo_arm_ws/install/my_robot_commander_py/share/my_robot_commander_py/hook/ament_prefix_path.dsv'
[0.260s] INFO:colcon.colcon_core.shell:Creating environment hook '/home/ryu/hardware-integrations/demo_arm_ws/install/my_robot_commander_py/share/my_robot_commander_py/hook/ament_prefix_path.sh'
[0.261s] INFO:colcon.colcon_core.shell:Skip shell extension 'powershell' for command environment: Not usable outside of PowerShell
[0.261s] DEBUG:colcon.colcon_core.shell:Skip shell extension 'dsv' for command environment
[0.264s] INFO:colcon.colcon_ros.task.ament_cmake.build:Building ROS package in '/home/ryu/hardware-integrations/demo_arm_ws/src/my_robot_interfaces' with build type 'ament_cmake'
[0.264s] INFO:colcon.colcon_cmake.task.cmake.build:Building CMake package in '/home/ryu/hardware-integrations/demo_arm_ws/src/my_robot_interfaces'
[0.264s] INFO:colcon.colcon_core.shell:Skip shell extension 'powershell' for command environment: Not usable outside of PowerShell
[0.264s] DEBUG:colcon.colcon_core.shell:Skip shell extension 'dsv' for command environment
[0.270s] DEBUG:colcon.colcon_core.event_handler.log_command:Invoking command in '/home/ryu/hardware-integrations/demo_arm_ws/build/my_robot_description': CMAKE_PREFIX_PATH=${CMAKE_PREFIX_PATH}:/opt/ros/jazzy DEBUGINFOD_URLS=https://debuginfod.ubuntu.com /usr/bin/cmake /home/ryu/hardware-integrations/demo_arm_ws/src/my_robot_description -DAMENT_CMAKE_SYMLINK_INSTALL=1 -DCMAKE_INSTALL_PREFIX=/home/ryu/hardware-integrations/demo_arm_ws/install/my_robot_description
[0.477s] INFO:colcon.colcon_core.task.python.build:Building Python package in '/home/ryu/hardware-integrations/demo_arm_ws/src/my_robot_commander_py'
[0.478s] INFO:colcon.colcon_core.shell:Skip shell extension 'powershell' for command environment: Not usable outside of PowerShell
[0.478s] DEBUG:colcon.colcon_core.shell:Skip shell extension 'dsv' for command environment
[0.487s] DEBUG:colcon.colcon_core.event_handler.log_command:Invoking command in '/home/ryu/hardware-integrations/demo_arm_ws/build/my_robot_interfaces': CMAKE_PREFIX_PATH=${CMAKE_PREFIX_PATH}:/opt/ros/jazzy DEBUGINFOD_URLS=https://debuginfod.ubuntu.com /usr/bin/cmake /home/ryu/hardware-integrations/demo_arm_ws/src/my_robot_interfaces -DAMENT_CMAKE_SYMLINK_INSTALL=1 -DCMAKE_INSTALL_PREFIX=/home/ryu/hardware-integrations/demo_arm_ws/install/my_robot_interfaces
[1.040s] DEBUG:colcon.colcon_core.event_handler.log_command:Invoked command in '/home/ryu/hardware-integrations/demo_arm_ws/build/my_robot_description' returned '0': CMAKE_PREFIX_PATH=${CMAKE_PREFIX_PATH}:/opt/ros/jazzy DEBUGINFOD_URLS=https://debuginfod.ubuntu.com /usr/bin/cmake /home/ryu/hardware-integrations/demo_arm_ws/src/my_robot_description -DAMENT_CMAKE_SYMLINK_INSTALL=1 -DCMAKE_INSTALL_PREFIX=/home/ryu/hardware-integrations/demo_arm_ws/install/my_robot_description
[1.041s] DEBUG:colcon.colcon_core.event_handler.log_command:Invoking command in '/home/ryu/hardware-integrations/demo_arm_ws/build/my_robot_description': CMAKE_PREFIX_PATH=${CMAKE_PREFIX_PATH}:/opt/ros/jazzy DEBUGINFOD_URLS=https://debuginfod.ubuntu.com /usr/bin/cmake --build /home/ryu/hardware-integrations/demo_arm_ws/build/my_robot_description -- -j16 -l16
[1.082s] DEBUG:colcon.colcon_core.event_handler.log_command:Invoked command in '/home/ryu/hardware-integrations/demo_arm_ws/build/my_robot_description' returned '0': CMAKE_PREFIX_PATH=${CMAKE_PREFIX_PATH}:/opt/ros/jazzy DEBUGINFOD_URLS=https://debuginfod.ubuntu.com /usr/bin/cmake --build /home/ryu/hardware-integrations/demo_arm_ws/build/my_robot_description -- -j16 -l16
[1.094s] DEBUG:colcon.colcon_core.event_handler.log_command:Invoking command in '/home/ryu/hardware-integrations/demo_arm_ws/build/my_robot_description': CMAKE_PREFIX_PATH=${CMAKE_PREFIX_PATH}:/opt/ros/jazzy DEBUGINFOD_URLS=https://debuginfod.ubuntu.com /usr/bin/cmake --install /home/ryu/hardware-integrations/demo_arm_ws/build/my_robot_description
[1.137s] DEBUG:colcon.colcon_core.event_handler.log_command:Invoking command in '/home/ryu/hardware-integrations/demo_arm_ws/build/my_robot_commander_py': DEBUGINFOD_URLS=https://debuginfod.ubuntu.com PYTHONPATH=/home/ryu/hardware-integrations/demo_arm_ws/build/my_robot_commander_py/prefix_override:/usr/lib/python3/dist-packages/colcon_core/task/python/colcon_distutils_commands:/home/ryu/hardware-integrations/demo_arm_ws/install/my_robot_commander_py/lib/python3.12/site-packages:${PYTHONPATH} /usr/bin/python3 -W ignore:setup.py install is deprecated -W ignore:easy_install command is deprecated setup.py develop --editable --build-directory /home/ryu/hardware-integrations/demo_arm_ws/build/my_robot_commander_py/build --no-deps symlink_data
[1.318s] Level 1:colcon.colcon_core.environment:create_environment_scripts_only(my_robot_description)
[1.319s] DEBUG:colcon.colcon_core.event_handler.log_command:Invoked command in '/home/ryu/hardware-integrations/demo_arm_ws/build/my_robot_description' returned '0': CMAKE_PREFIX_PATH=${CMAKE_PREFIX_PATH}:/opt/ros/jazzy DEBUGINFOD_URLS=https://debuginfod.ubuntu.com /usr/bin/cmake --install /home/ryu/hardware-integrations/demo_arm_ws/build/my_robot_description
[1.320s] Level 1:colcon.colcon_core.environment:checking '/home/ryu/hardware-integrations/demo_arm_ws/install/my_robot_description' for CMake module files
[1.320s] Level 1:colcon.colcon_core.environment:checking '/home/ryu/hardware-integrations/demo_arm_ws/install/my_robot_description' for CMake config files
[1.321s] Level 1:colcon.colcon_core.shell:create_environment_hook('my_robot_description', 'cmake_prefix_path')
[1.321s] INFO:colcon.colcon_core.shell:Creating environment hook '/home/ryu/hardware-integrations/demo_arm_ws/install/my_robot_description/share/my_robot_description/hook/cmake_prefix_path.ps1'
[1.321s] INFO:colcon.colcon_core.shell:Creating environment descriptor '/home/ryu/hardware-integrations/demo_arm_ws/install/my_robot_description/share/my_robot_description/hook/cmake_prefix_path.dsv'
[1.321s] INFO:colcon.colcon_core.shell:Creating environment hook '/home/ryu/hardware-integrations/demo_arm_ws/install/my_robot_description/share/my_robot_description/hook/cmake_prefix_path.sh'
[1.321s] Level 1:colcon.colcon_core.environment:checking '/home/ryu/hardware-integrations/demo_arm_ws/install/my_robot_description/bin'
[1.321s] Level 1:colcon.colcon_core.environment:checking '/home/ryu/hardware-integrations/demo_arm_ws/install/my_robot_description/lib/pkgconfig/my_robot_description.pc'
[1.322s] Level 1:colcon.colcon_core.environment:checking '/home/ryu/hardware-integrations/demo_arm_ws/install/my_robot_description/lib/python3.12/site-packages'
[1.322s] Level 1:colcon.colcon_core.environment:checking '/home/ryu/hardware-integrations/demo_arm_ws/install/my_robot_description/bin'
[1.322s] INFO:colcon.colcon_core.shell:Creating package script '/home/ryu/hardware-integrations/demo_arm_ws/install/my_robot_description/share/my_robot_description/package.ps1'
[1.322s] INFO:colcon.colcon_core.shell:Creating package descriptor '/home/ryu/hardware-integrations/demo_arm_ws/install/my_robot_description/share/my_robot_description/package.dsv'
[1.322s] INFO:colcon.colcon_core.shell:Creating package script '/home/ryu/hardware-integrations/demo_arm_ws/install/my_robot_description/share/my_robot_description/package.sh'
[1.323s] INFO:colcon.colcon_core.shell:Creating package script '/home/ryu/hardware-integrations/demo_arm_ws/install/my_robot_description/share/my_robot_description/package.bash'
[1.323s] INFO:colcon.colcon_core.shell:Creating package script '/home/ryu/hardware-integrations/demo_arm_ws/install/my_robot_description/share/my_robot_description/package.zsh'
[1.323s] Level 1:colcon.colcon_core.environment:create_file_with_runtime_dependencies(/home/ryu/hardware-integrations/demo_arm_ws/install/my_robot_description/share/colcon-core/packages/my_robot_description)
[1.323s] Level 1:colcon.colcon_core.environment:create_environment_scripts_only(my_robot_description)
[1.323s] Level 1:colcon.colcon_core.environment:checking '/home/ryu/hardware-integrations/demo_arm_ws/install/my_robot_description' for CMake module files
[1.324s] Level 1:colcon.colcon_core.environment:checking '/home/ryu/hardware-integrations/demo_arm_ws/install/my_robot_description' for CMake config files
[1.324s] Level 1:colcon.colcon_core.shell:create_environment_hook('my_robot_description', 'cmake_prefix_path')
[1.324s] INFO:colcon.colcon_core.shell:Creating environment hook '/home/ryu/hardware-integrations/demo_arm_ws/install/my_robot_description/share/my_robot_description/hook/cmake_prefix_path.ps1'
[1.324s] INFO:colcon.colcon_core.shell:Creating environment descriptor '/home/ryu/hardware-integrations/demo_arm_ws/install/my_robot_description/share/my_robot_description/hook/cmake_prefix_path.dsv'
[1.324s] INFO:colcon.colcon_core.shell:Creating environment hook '/home/ryu/hardware-integrations/demo_arm_ws/install/my_robot_description/share/my_robot_description/hook/cmake_prefix_path.sh'
[1.324s] Level 1:colcon.colcon_core.environment:checking '/home/ryu/hardware-integrations/demo_arm_ws/install/my_robot_description/bin'
[1.324s] Level 1:colcon.colcon_core.environment:checking '/home/ryu/hardware-integrations/demo_arm_ws/install/my_robot_description/lib/pkgconfig/my_robot_description.pc'
[1.324s] Level 1:colcon.colcon_core.environment:checking '/home/ryu/hardware-integrations/demo_arm_ws/install/my_robot_description/lib/python3.12/site-packages'
[1.325s] Level 1:colcon.colcon_core.environment:checking '/home/ryu/hardware-integrations/demo_arm_ws/install/my_robot_description/bin'
[1.325s] INFO:colcon.colcon_core.shell:Creating package script '/home/ryu/hardware-integrations/demo_arm_ws/install/my_robot_description/share/my_robot_description/package.ps1'
[1.325s] INFO:colcon.colcon_core.shell:Creating package descriptor '/home/ryu/hardware-integrations/demo_arm_ws/install/my_robot_description/share/my_robot_description/package.dsv'
[1.325s] INFO:colcon.colcon_core.shell:Creating package script '/home/ryu/hardware-integrations/demo_arm_ws/install/my_robot_description/share/my_robot_description/package.sh'
[1.325s] INFO:colcon.colcon_core.shell:Creating package script '/home/ryu/hardware-integrations/demo_arm_ws/install/my_robot_description/share/my_robot_description/package.bash'
[1.325s] INFO:colcon.colcon_core.shell:Creating package script '/home/ryu/hardware-integrations/demo_arm_ws/install/my_robot_description/share/my_robot_description/package.zsh'
[1.325s] Level 1:colcon.colcon_core.environment:create_file_with_runtime_dependencies(/home/ryu/hardware-integrations/demo_arm_ws/install/my_robot_description/share/colcon-core/packages/my_robot_description)
[1.326s] INFO:colcon.colcon_ros.task.ament_cmake.build:Building ROS package in '/home/ryu/hardware-integrations/demo_arm_ws/src/my_robot_moveit_config' with build type 'ament_cmake'
[1.326s] INFO:colcon.colcon_cmake.task.cmake.build:Building CMake package in '/home/ryu/hardware-integrations/demo_arm_ws/src/my_robot_moveit_config'
[1.326s] INFO:colcon.colcon_core.shell:Skip shell extension 'powershell' for command environment: Not usable outside of PowerShell
[1.326s] DEBUG:colcon.colcon_core.shell:Skip shell extension 'dsv' for command environment
[1.334s] DEBUG:colcon.colcon_core.event_handler.log_command:Invoking command in '/home/ryu/hardware-integrations/demo_arm_ws/build/my_robot_moveit_config': AMENT_PREFIX_PATH=/home/ryu/hardware-integrations/demo_arm_ws/install/my_robot_description:${AMENT_PREFIX_PATH} CMAKE_PREFIX_PATH=/home/ryu/hardware-integrations/demo_arm_ws/install/my_robot_description:/opt/ros/jazzy/opt/gz_sim_vendor:/opt/ros/jazzy/opt/gz_sensors_vendor:/opt/ros/jazzy/opt/gz_physics_vendor:/opt/ros/jazzy/opt/sdformat_vendor:/opt/ros/jazzy/opt/gz_gui_vendor:/opt/ros/jazzy/opt/gz_transport_vendor:/opt/ros/jazzy/opt/gz_rendering_vendor:/opt/ros/jazzy/opt/gz_plugin_vendor:/opt/ros/jazzy/opt/gz_fuel_tools_vendor:/opt/ros/jazzy/opt/gz_msgs_vendor:/opt/ros/jazzy/opt/gz_common_vendor:/opt/ros/jazzy/opt/gz_math_vendor:/opt/ros/jazzy/opt/gz_utils_vendor:/opt/ros/jazzy/opt/gz_tools_vendor:/opt/ros/jazzy/opt/gz_ogre_next_vendor:/opt/ros/jazzy/opt/gz_dartsim_vendor:/opt/ros/jazzy/opt/gz_cmake_vendor:/opt/ros/jazzy DEBUGINFOD_URLS=https://debuginfod.ubuntu.com /usr/bin/cmake /home/ryu/hardware-integrations/demo_arm_ws/src/my_robot_moveit_config -DAMENT_CMAKE_SYMLINK_INSTALL=1 -DCMAKE_INSTALL_PREFIX=/home/ryu/hardware-integrations/demo_arm_ws/install/my_robot_moveit_config
[1.516s] Level 1:colcon.colcon_core.shell:create_environment_hook('my_robot_commander_py', 'pythonpath_develop')
[1.516s] INFO:colcon.colcon_core.shell:Creating environment hook '/home/ryu/hardware-integrations/demo_arm_ws/build/my_robot_commander_py/share/my_robot_commander_py/hook/pythonpath_develop.ps1'
[1.517s] DEBUG:colcon.colcon_core.event_handler.log_command:Invoked command in '/home/ryu/hardware-integrations/demo_arm_ws/build/my_robot_commander_py' returned '0': DEBUGINFOD_URLS=https://debuginfod.ubuntu.com PYTHONPATH=/home/ryu/hardware-integrations/demo_arm_ws/build/my_robot_commander_py/prefix_override:/usr/lib/python3/dist-packages/colcon_core/task/python/colcon_distutils_commands:/home/ryu/hardware-integrations/demo_arm_ws/install/my_robot_commander_py/lib/python3.12/site-packages:${PYTHONPATH} /usr/bin/python3 -W ignore:setup.py install is deprecated -W ignore:easy_install command is deprecated setup.py develop --editable --build-directory /home/ryu/hardware-integrations/demo_arm_ws/build/my_robot_commander_py/build --no-deps symlink_data
[1.517s] INFO:colcon.colcon_core.shell:Creating environment descriptor '/home/ryu/hardware-integrations/demo_arm_ws/build/my_robot_commander_py/share/my_robot_commander_py/hook/pythonpath_develop.dsv'
[1.517s] INFO:colcon.colcon_core.shell:Creating environment hook '/home/ryu/hardware-integrations/demo_arm_ws/build/my_robot_commander_py/share/my_robot_commander_py/hook/pythonpath_develop.sh'
[1.517s] Level 1:colcon.colcon_core.environment:checking '/home/ryu/hardware-integrations/demo_arm_ws/install/my_robot_commander_py' for CMake module files
[1.517s] Level 1:colcon.colcon_core.environment:checking '/home/ryu/hardware-integrations/demo_arm_ws/install/my_robot_commander_py' for CMake config files
[1.517s] Level 1:colcon.colcon_core.environment:checking '/home/ryu/hardware-integrations/demo_arm_ws/install/my_robot_commander_py/lib'
[1.518s] Level 1:colcon.colcon_core.environment:checking '/home/ryu/hardware-integrations/demo_arm_ws/install/my_robot_commander_py/bin'
[1.518s] Level 1:colcon.colcon_core.environment:checking '/home/ryu/hardware-integrations/demo_arm_ws/install/my_robot_commander_py/lib/pkgconfig/my_robot_commander_py.pc'
[1.518s] Level 1:colcon.colcon_core.environment:checking '/home/ryu/hardware-integrations/demo_arm_ws/install/my_robot_commander_py/lib/python3.12/site-packages'
[1.518s] Level 1:colcon.colcon_core.shell:create_environment_hook('my_robot_commander_py', 'pythonpath')
[1.518s] INFO:colcon.colcon_core.shell:Creating environment hook '/home/ryu/hardware-integrations/demo_arm_ws/install/my_robot_commander_py/share/my_robot_commander_py/hook/pythonpath.ps1'
[1.518s] INFO:colcon.colcon_core.shell:Creating environment descriptor '/home/ryu/hardware-integrations/demo_arm_ws/install/my_robot_commander_py/share/my_robot_commander_py/hook/pythonpath.dsv'
[1.518s] INFO:colcon.colcon_core.shell:Creating environment hook '/home/ryu/hardware-integrations/demo_arm_ws/install/my_robot_commander_py/share/my_robot_commander_py/hook/pythonpath.sh'
[1.518s] Level 1:colcon.colcon_core.environment:checking '/home/ryu/hardware-integrations/demo_arm_ws/install/my_robot_commander_py/bin'
[1.518s] Level 1:colcon.colcon_core.environment:create_environment_scripts_only(my_robot_commander_py)
[1.518s] INFO:colcon.colcon_core.shell:Creating package script '/home/ryu/hardware-integrations/demo_arm_ws/install/my_robot_commander_py/share/my_robot_commander_py/package.ps1'
[1.519s] INFO:colcon.colcon_core.shell:Creating package descriptor '/home/ryu/hardware-integrations/demo_arm_ws/install/my_robot_commander_py/share/my_robot_commander_py/package.dsv'
[1.519s] INFO:colcon.colcon_core.shell:Creating package script '/home/ryu/hardware-integrations/demo_arm_ws/install/my_robot_commander_py/share/my_robot_commander_py/package.sh'
[1.519s] INFO:colcon.colcon_core.shell:Creating package script '/home/ryu/hardware-integrations/demo_arm_ws/install/my_robot_commander_py/share/my_robot_commander_py/package.bash'
[1.519s] INFO:colcon.colcon_core.shell:Creating package script '/home/ryu/hardware-integrations/demo_arm_ws/install/my_robot_commander_py/share/my_robot_commander_py/package.zsh'
[1.519s] Level 1:colcon.colcon_core.environment:create_file_with_runtime_dependencies(/home/ryu/hardware-integrations/demo_arm_ws/install/my_robot_commander_py/share/colcon-core/packages/my_robot_commander_py)
[1.872s] DEBUG:colcon.colcon_core.event_handler.log_command:Invoked command in '/home/ryu/hardware-integrations/demo_arm_ws/build/my_robot_moveit_config' returned '0': AMENT_PREFIX_PATH=/home/ryu/hardware-integrations/demo_arm_ws/install/my_robot_description:${AMENT_PREFIX_PATH} CMAKE_PREFIX_PATH=/home/ryu/hardware-integrations/demo_arm_ws/install/my_robot_description:/opt/ros/jazzy/opt/gz_sim_vendor:/opt/ros/jazzy/opt/gz_sensors_vendor:/opt/ros/jazzy/opt/gz_physics_vendor:/opt/ros/jazzy/opt/sdformat_vendor:/opt/ros/jazzy/opt/gz_gui_vendor:/opt/ros/jazzy/opt/gz_transport_vendor:/opt/ros/jazzy/opt/gz_rendering_vendor:/opt/ros/jazzy/opt/gz_plugin_vendor:/opt/ros/jazzy/opt/gz_fuel_tools_vendor:/opt/ros/jazzy/opt/gz_msgs_vendor:/opt/ros/jazzy/opt/gz_common_vendor:/opt/ros/jazzy/opt/gz_math_vendor:/opt/ros/jazzy/opt/gz_utils_vendor:/opt/ros/jazzy/opt/gz_tools_vendor:/opt/ros/jazzy/opt/gz_ogre_next_vendor:/opt/ros/jazzy/opt/gz_dartsim_vendor:/opt/ros/jazzy/opt/gz_cmake_vendor:/opt/ros/jazzy DEBUGINFOD_URLS=https://debuginfod.ubuntu.com /usr/bin/cmake /home/ryu/hardware-integrations/demo_arm_ws/src/my_robot_moveit_config -DAMENT_CMAKE_SYMLINK_INSTALL=1 -DCMAKE_INSTALL_PREFIX=/home/ryu/hardware-integrations/demo_arm_ws/install/my_robot_moveit_config
[1.872s] DEBUG:colcon.colcon_core.event_handler.log_command:Invoking command in '/home/ryu/hardware-integrations/demo_arm_ws/build/my_robot_moveit_config': AMENT_PREFIX_PATH=/home/ryu/hardware-integrations/demo_arm_ws/install/my_robot_description:${AMENT_PREFIX_PATH} CMAKE_PREFIX_PATH=/home/ryu/hardware-integrations/demo_arm_ws/install/my_robot_description:/opt/ros/jazzy/opt/gz_sim_vendor:/opt/ros/jazzy/opt/gz_sensors_vendor:/opt/ros/jazzy/opt/gz_physics_vendor:/opt/ros/jazzy/opt/sdformat_vendor:/opt/ros/jazzy/opt/gz_gui_vendor:/opt/ros/jazzy/opt/gz_transport_vendor:/opt/ros/jazzy/opt/gz_rendering_vendor:/opt/ros/jazzy/opt/gz_plugin_vendor:/opt/ros/jazzy/opt/gz_fuel_tools_vendor:/opt/ros/jazzy/opt/gz_msgs_vendor:/opt/ros/jazzy/opt/gz_common_vendor:/opt/ros/jazzy/opt/gz_math_vendor:/opt/ros/jazzy/opt/gz_utils_vendor:/opt/ros/jazzy/opt/gz_tools_vendor:/opt/ros/jazzy/opt/gz_ogre_next_vendor:/opt/ros/jazzy/opt/gz_dartsim_vendor:/opt/ros/jazzy/opt/gz_cmake_vendor:/opt/ros/jazzy DEBUGINFOD_URLS=https://debuginfod.ubuntu.com /usr/bin/cmake --build /home/ryu/hardware-integrations/demo_arm_ws/build/my_robot_moveit_config -- -j16 -l16
[1.900s] DEBUG:colcon.colcon_core.event_handler.log_command:Invoked command in '/home/ryu/hardware-integrations/demo_arm_ws/build/my_robot_moveit_config' returned '0': AMENT_PREFIX_PATH=/home/ryu/hardware-integrations/demo_arm_ws/install/my_robot_description:${AMENT_PREFIX_PATH} CMAKE_PREFIX_PATH=/home/ryu/hardware-integrations/demo_arm_ws/install/my_robot_description:/opt/ros/jazzy/opt/gz_sim_vendor:/opt/ros/jazzy/opt/gz_sensors_vendor:/opt/ros/jazzy/opt/gz_physics_vendor:/opt/ros/jazzy/opt/sdformat_vendor:/opt/ros/jazzy/opt/gz_gui_vendor:/opt/ros/jazzy/opt/gz_transport_vendor:/opt/ros/jazzy/opt/gz_rendering_vendor:/opt/ros/jazzy/opt/gz_plugin_vendor:/opt/ros/jazzy/opt/gz_fuel_tools_vendor:/opt/ros/jazzy/opt/gz_msgs_vendor:/opt/ros/jazzy/opt/gz_common_vendor:/opt/ros/jazzy/opt/gz_math_vendor:/opt/ros/jazzy/opt/gz_utils_vendor:/opt/ros/jazzy/opt/gz_tools_vendor:/opt/ros/jazzy/opt/gz_ogre_next_vendor:/opt/ros/jazzy/opt/gz_dartsim_vendor:/opt/ros/jazzy/opt/gz_cmake_vendor:/opt/ros/jazzy DEBUGINFOD_URLS=https://debuginfod.ubuntu.com /usr/bin/cmake --build /home/ryu/hardware-integrations/demo_arm_ws/build/my_robot_moveit_config -- -j16 -l16
[1.901s] DEBUG:colcon.colcon_core.event_handler.log_command:Invoking command in '/home/ryu/hardware-integrations/demo_arm_ws/build/my_robot_moveit_config': AMENT_PREFIX_PATH=/home/ryu/hardware-integrations/demo_arm_ws/install/my_robot_description:${AMENT_PREFIX_PATH} CMAKE_PREFIX_PATH=/home/ryu/hardware-integrations/demo_arm_ws/install/my_robot_description:/opt/ros/jazzy/opt/gz_sim_vendor:/opt/ros/jazzy/opt/gz_sensors_vendor:/opt/ros/jazzy/opt/gz_physics_vendor:/opt/ros/jazzy/opt/sdformat_vendor:/opt/ros/jazzy/opt/gz_gui_vendor:/opt/ros/jazzy/opt/gz_transport_vendor:/opt/ros/jazzy/opt/gz_rendering_vendor:/opt/ros/jazzy/opt/gz_plugin_vendor:/opt/ros/jazzy/opt/gz_fuel_tools_vendor:/opt/ros/jazzy/opt/gz_msgs_vendor:/opt/ros/jazzy/opt/gz_common_vendor:/opt/ros/jazzy/opt/gz_math_vendor:/opt/ros/jazzy/opt/gz_utils_vendor:/opt/ros/jazzy/opt/gz_tools_vendor:/opt/ros/jazzy/opt/gz_ogre_next_vendor:/opt/ros/jazzy/opt/gz_dartsim_vendor:/opt/ros/jazzy/opt/gz_cmake_vendor:/opt/ros/jazzy DEBUGINFOD_URLS=https://debuginfod.ubuntu.com /usr/bin/cmake --install /home/ryu/hardware-integrations/demo_arm_ws/build/my_robot_moveit_config
[2.189s] Level 1:colcon.colcon_core.environment:create_environment_scripts_only(my_robot_moveit_config)
[2.190s] DEBUG:colcon.colcon_core.event_handler.log_command:Invoked command in '/home/ryu/hardware-integrations/demo_arm_ws/build/my_robot_moveit_config' returned '0': AMENT_PREFIX_PATH=/home/ryu/hardware-integrations/demo_arm_ws/install/my_robot_description:${AMENT_PREFIX_PATH} CMAKE_PREFIX_PATH=/home/ryu/hardware-integrations/demo_arm_ws/install/my_robot_description:/opt/ros/jazzy/opt/gz_sim_vendor:/opt/ros/jazzy/opt/gz_sensors_vendor:/opt/ros/jazzy/opt/gz_physics_vendor:/opt/ros/jazzy/opt/sdformat_vendor:/opt/ros/jazzy/opt/gz_gui_vendor:/opt/ros/jazzy/opt/gz_transport_vendor:/opt/ros/jazzy/opt/gz_rendering_vendor:/opt/ros/jazzy/opt/gz_plugin_vendor:/opt/ros/jazzy/opt/gz_fuel_tools_vendor:/opt/ros/jazzy/opt/gz_msgs_vendor:/opt/ros/jazzy/opt/gz_common_vendor:/opt/ros/jazzy/opt/gz_math_vendor:/opt/ros/jazzy/opt/gz_utils_vendor:/opt/ros/jazzy/opt/gz_tools_vendor:/opt/ros/jazzy/opt/gz_ogre_next_vendor:/opt/ros/jazzy/opt/gz_dartsim_vendor:/opt/ros/jazzy/opt/gz_cmake_vendor:/opt/ros/jazzy DEBUGINFOD_URLS=https://debuginfod.ubuntu.com /usr/bin/cmake --install /home/ryu/hardware-integrations/demo_arm_ws/build/my_robot_moveit_config
[2.190s] Level 1:colcon.colcon_core.environment:checking '/home/ryu/hardware-integrations/demo_arm_ws/install/my_robot_moveit_config' for CMake module files
[2.190s] Level 1:colcon.colcon_core.environment:checking '/home/ryu/hardware-integrations/demo_arm_ws/install/my_robot_moveit_config' for CMake config files
[2.190s] Level 1:colcon.colcon_core.shell:create_environment_hook('my_robot_moveit_config', 'cmake_prefix_path')
[2.190s] INFO:colcon.colcon_core.shell:Creating environment hook '/home/ryu/hardware-integrations/demo_arm_ws/install/my_robot_moveit_config/share/my_robot_moveit_config/hook/cmake_prefix_path.ps1'
[2.191s] INFO:colcon.colcon_core.shell:Creating environment descriptor '/home/ryu/hardware-integrations/demo_arm_ws/install/my_robot_moveit_config/share/my_robot_moveit_config/hook/cmake_prefix_path.dsv'
[2.191s] INFO:colcon.colcon_core.shell:Creating environment hook '/home/ryu/hardware-integrations/demo_arm_ws/install/my_robot_moveit_config/share/my_robot_moveit_config/hook/cmake_prefix_path.sh'
[2.191s] Level 1:colcon.colcon_core.environment:checking '/home/ryu/hardware-integrations/demo_arm_ws/install/my_robot_moveit_config/bin'
[2.191s] Level 1:colcon.colcon_core.environment:checking '/home/ryu/hardware-integrations/demo_arm_ws/install/my_robot_moveit_config/lib/pkgconfig/my_robot_moveit_config.pc'
[2.191s] Level 1:colcon.colcon_core.environment:checking '/home/ryu/hardware-integrations/demo_arm_ws/install/my_robot_moveit_config/lib/python3.12/site-packages'
[2.191s] Level 1:colcon.colcon_core.environment:checking '/home/ryu/hardware-integrations/demo_arm_ws/install/my_robot_moveit_config/bin'
[2.192s] INFO:colcon.colcon_core.shell:Creating package script '/home/ryu/hardware-integrations/demo_arm_ws/install/my_robot_moveit_config/share/my_robot_moveit_config/package.ps1'
[2.192s] INFO:colcon.colcon_core.shell:Creating package descriptor '/home/ryu/hardware-integrations/demo_arm_ws/install/my_robot_moveit_config/share/my_robot_moveit_config/package.dsv'
[2.192s] INFO:colcon.colcon_core.shell:Creating package script '/home/ryu/hardware-integrations/demo_arm_ws/install/my_robot_moveit_config/share/my_robot_moveit_config/package.sh'
[2.192s] INFO:colcon.colcon_core.shell:Creating package script '/home/ryu/hardware-integrations/demo_arm_ws/install/my_robot_moveit_config/share/my_robot_moveit_config/package.bash'
[2.192s] INFO:colcon.colcon_core.shell:Creating package script '/home/ryu/hardware-integrations/demo_arm_ws/install/my_robot_moveit_config/share/my_robot_moveit_config/package.zsh'
[2.192s] Level 1:colcon.colcon_core.environment:create_file_with_runtime_dependencies(/home/ryu/hardware-integrations/demo_arm_ws/install/my_robot_moveit_config/share/colcon-core/packages/my_robot_moveit_config)
[2.193s] Level 1:colcon.colcon_core.environment:create_environment_scripts_only(my_robot_moveit_config)
[2.193s] Level 1:colcon.colcon_core.environment:checking '/home/ryu/hardware-integrations/demo_arm_ws/install/my_robot_moveit_config' for CMake module files
[2.193s] Level 1:colcon.colcon_core.environment:checking '/home/ryu/hardware-integrations/demo_arm_ws/install/my_robot_moveit_config' for CMake config files
[2.193s] Level 1:colcon.colcon_core.shell:create_environment_hook('my_robot_moveit_config', 'cmake_prefix_path')
[2.193s] INFO:colcon.colcon_core.shell:Creating environment hook '/home/ryu/hardware-integrations/demo_arm_ws/install/my_robot_moveit_config/share/my_robot_moveit_config/hook/cmake_prefix_path.ps1'
[2.193s] INFO:colcon.colcon_core.shell:Creating environment descriptor '/home/ryu/hardware-integrations/demo_arm_ws/install/my_robot_moveit_config/share/my_robot_moveit_config/hook/cmake_prefix_path.dsv'
[2.193s] INFO:colcon.colcon_core.shell:Creating environment hook '/home/ryu/hardware-integrations/demo_arm_ws/install/my_robot_moveit_config/share/my_robot_moveit_config/hook/cmake_prefix_path.sh'
[2.193s] Level 1:colcon.colcon_core.environment:checking '/home/ryu/hardware-integrations/demo_arm_ws/install/my_robot_moveit_config/bin'
[2.193s] Level 1:colcon.colcon_core.environment:checking '/home/ryu/hardware-integrations/demo_arm_ws/install/my_robot_moveit_config/lib/pkgconfig/my_robot_moveit_config.pc'
[2.194s] Level 1:colcon.colcon_core.environment:checking '/home/ryu/hardware-integrations/demo_arm_ws/install/my_robot_moveit_config/lib/python3.12/site-packages'
[2.194s] Level 1:colcon.colcon_core.environment:checking '/home/ryu/hardware-integrations/demo_arm_ws/install/my_robot_moveit_config/bin'
[2.194s] INFO:colcon.colcon_core.shell:Creating package script '/home/ryu/hardware-integrations/demo_arm_ws/install/my_robot_moveit_config/share/my_robot_moveit_config/package.ps1'
[2.194s] INFO:colcon.colcon_core.shell:Creating package descriptor '/home/ryu/hardware-integrations/demo_arm_ws/install/my_robot_moveit_config/share/my_robot_moveit_config/package.dsv'
[2.194s] INFO:colcon.colcon_core.shell:Creating package script '/home/ryu/hardware-integrations/demo_arm_ws/install/my_robot_moveit_config/share/my_robot_moveit_config/package.sh'
[2.194s] INFO:colcon.colcon_core.shell:Creating package script '/home/ryu/hardware-integrations/demo_arm_ws/install/my_robot_moveit_config/share/my_robot_moveit_config/package.bash'
[2.194s] INFO:colcon.colcon_core.shell:Creating package script '/home/ryu/hardware-integrations/demo_arm_ws/install/my_robot_moveit_config/share/my_robot_moveit_config/package.zsh'
[2.195s] Level 1:colcon.colcon_core.environment:create_file_with_runtime_dependencies(/home/ryu/hardware-integrations/demo_arm_ws/install/my_robot_moveit_config/share/colcon-core/packages/my_robot_moveit_config)
[2.195s] INFO:colcon.colcon_ros.task.ament_cmake.build:Building ROS package in '/home/ryu/hardware-integrations/demo_arm_ws/src/my_robot_bringup' with build type 'ament_cmake'
[2.195s] INFO:colcon.colcon_cmake.task.cmake.build:Building CMake package in '/home/ryu/hardware-integrations/demo_arm_ws/src/my_robot_bringup'
[2.195s] INFO:colcon.colcon_core.shell:Skip shell extension 'powershell' for command environment: Not usable outside of PowerShell
[2.195s] DEBUG:colcon.colcon_core.shell:Skip shell extension 'dsv' for command environment
[2.202s] DEBUG:colcon.colcon_core.event_handler.log_command:Invoking command in '/home/ryu/hardware-integrations/demo_arm_ws/build/my_robot_bringup': AMENT_PREFIX_PATH=/home/ryu/hardware-integrations/demo_arm_ws/install/my_robot_moveit_config:/home/ryu/hardware-integrations/demo_arm_ws/install/my_robot_description:${AMENT_PREFIX_PATH} CMAKE_PREFIX_PATH=/home/ryu/hardware-integrations/demo_arm_ws/install/my_robot_moveit_config:/home/ryu/hardware-integrations/demo_arm_ws/install/my_robot_description:/opt/ros/jazzy/opt/gz_sim_vendor:/opt/ros/jazzy/opt/gz_sensors_vendor:/opt/ros/jazzy/opt/gz_physics_vendor:/opt/ros/jazzy/opt/sdformat_vendor:/opt/ros/jazzy/opt/gz_gui_vendor:/opt/ros/jazzy/opt/gz_transport_vendor:/opt/ros/jazzy/opt/gz_rendering_vendor:/opt/ros/jazzy/opt/gz_plugin_vendor:/opt/ros/jazzy/opt/gz_fuel_tools_vendor:/opt/ros/jazzy/opt/gz_msgs_vendor:/opt/ros/jazzy/opt/gz_common_vendor:/opt/ros/jazzy/opt/gz_math_vendor:/opt/ros/jazzy/opt/gz_utils_vendor:/opt/ros/jazzy/opt/gz_tools_vendor:/opt/ros/jazzy/opt/gz_ogre_next_vendor:/opt/ros/jazzy/opt/gz_dartsim_vendor:/opt/ros/jazzy/opt/gz_cmake_vendor:/opt/ros/jazzy DEBUGINFOD_URLS=https://debuginfod.ubuntu.com /usr/bin/cmake /home/ryu/hardware-integrations/demo_arm_ws/src/my_robot_bringup -DAMENT_CMAKE_SYMLINK_INSTALL=1 -DCMAKE_INSTALL_PREFIX=/home/ryu/hardware-integrations/demo_arm_ws/install/my_robot_bringup
[2.717s] DEBUG:colcon.colcon_core.event_handler.log_command:Invoked command in '/home/ryu/hardware-integrations/demo_arm_ws/build/my_robot_bringup' returned '0': AMENT_PREFIX_PATH=/home/ryu/hardware-integrations/demo_arm_ws/install/my_robot_moveit_config:/home/ryu/hardware-integrations/demo_arm_ws/install/my_robot_description:${AMENT_PREFIX_PATH} CMAKE_PREFIX_PATH=/home/ryu/hardware-integrations/demo_arm_ws/install/my_robot_moveit_config:/home/ryu/hardware-integrations/demo_arm_ws/install/my_robot_description:/opt/ros/jazzy/opt/gz_sim_vendor:/opt/ros/jazzy/opt/gz_sensors_vendor:/opt/ros/jazzy/opt/gz_physics_vendor:/opt/ros/jazzy/opt/sdformat_vendor:/opt/ros/jazzy/opt/gz_gui_vendor:/opt/ros/jazzy/opt/gz_transport_vendor:/opt/ros/jazzy/opt/gz_rendering_vendor:/opt/ros/jazzy/opt/gz_plugin_vendor:/opt/ros/jazzy/opt/gz_fuel_tools_vendor:/opt/ros/jazzy/opt/gz_msgs_vendor:/opt/ros/jazzy/opt/gz_common_vendor:/opt/ros/jazzy/opt/gz_math_vendor:/opt/ros/jazzy/opt/gz_utils_vendor:/opt/ros/jazzy/opt/gz_tools_vendor:/opt/ros/jazzy/opt/gz_ogre_next_vendor:/opt/ros/jazzy/opt/gz_dartsim_vendor:/opt/ros/jazzy/opt/gz_cmake_vendor:/opt/ros/jazzy DEBUGINFOD_URLS=https://debuginfod.ubuntu.com /usr/bin/cmake /home/ryu/hardware-integrations/demo_arm_ws/src/my_robot_bringup -DAMENT_CMAKE_SYMLINK_INSTALL=1 -DCMAKE_INSTALL_PREFIX=/home/ryu/hardware-integrations/demo_arm_ws/install/my_robot_bringup
[2.718s] DEBUG:colcon.colcon_core.event_handler.log_command:Invoking command in '/home/ryu/hardware-integrations/demo_arm_ws/build/my_robot_bringup': AMENT_PREFIX_PATH=/home/ryu/hardware-integrations/demo_arm_ws/install/my_robot_moveit_config:/home/ryu/hardware-integrations/demo_arm_ws/install/my_robot_description:${AMENT_PREFIX_PATH} CMAKE_PREFIX_PATH=/home/ryu/hardware-integrations/demo_arm_ws/install/my_robot_moveit_config:/home/ryu/hardware-integrations/demo_arm_ws/install/my_robot_description:/opt/ros/jazzy/opt/gz_sim_vendor:/opt/ros/jazzy/opt/gz_sensors_vendor:/opt/ros/jazzy/opt/gz_physics_vendor:/opt/ros/jazzy/opt/sdformat_vendor:/opt/ros/jazzy/opt/gz_gui_vendor:/opt/ros/jazzy/opt/gz_transport_vendor:/opt/ros/jazzy/opt/gz_rendering_vendor:/opt/ros/jazzy/opt/gz_plugin_vendor:/opt/ros/jazzy/opt/gz_fuel_tools_vendor:/opt/ros/jazzy/opt/gz_msgs_vendor:/opt/ros/jazzy/opt/gz_common_vendor:/opt/ros/jazzy/opt/gz_math_vendor:/opt/ros/jazzy/opt/gz_utils_vendor:/opt/ros/jazzy/opt/gz_tools_vendor:/opt/ros/jazzy/opt/gz_ogre_next_vendor:/opt/ros/jazzy/opt/gz_dartsim_vendor:/opt/ros/jazzy/opt/gz_cmake_vendor:/opt/ros/jazzy DEBUGINFOD_URLS=https://debuginfod.ubuntu.com /usr/bin/cmake --build /home/ryu/hardware-integrations/demo_arm_ws/build/my_robot_bringup -- -j16 -l16
[2.760s] DEBUG:colcon.colcon_core.event_handler.log_command:Invoked command in '/home/ryu/hardware-integrations/demo_arm_ws/build/my_robot_bringup' returned '0': AMENT_PREFIX_PATH=/home/ryu/hardware-integrations/demo_arm_ws/install/my_robot_moveit_config:/home/ryu/hardware-integrations/demo_arm_ws/install/my_robot_description:${AMENT_PREFIX_PATH} CMAKE_PREFIX_PATH=/home/ryu/hardware-integrations/demo_arm_ws/install/my_robot_moveit_config:/home/ryu/hardware-integrations/demo_arm_ws/install/my_robot_description:/opt/ros/jazzy/opt/gz_sim_vendor:/opt/ros/jazzy/opt/gz_sensors_vendor:/opt/ros/jazzy/opt/gz_physics_vendor:/opt/ros/jazzy/opt/sdformat_vendor:/opt/ros/jazzy/opt/gz_gui_vendor:/opt/ros/jazzy/opt/gz_transport_vendor:/opt/ros/jazzy/opt/gz_rendering_vendor:/opt/ros/jazzy/opt/gz_plugin_vendor:/opt/ros/jazzy/opt/gz_fuel_tools_vendor:/opt/ros/jazzy/opt/gz_msgs_vendor:/opt/ros/jazzy/opt/gz_common_vendor:/opt/ros/jazzy/opt/gz_math_vendor:/opt/ros/jazzy/opt/gz_utils_vendor:/opt/ros/jazzy/opt/gz_tools_vendor:/opt/ros/jazzy/opt/gz_ogre_next_vendor:/opt/ros/jazzy/opt/gz_dartsim_vendor:/opt/ros/jazzy/opt/gz_cmake_vendor:/opt/ros/jazzy DEBUGINFOD_URLS=https://debuginfod.ubuntu.com /usr/bin/cmake --build /home/ryu/hardware-integrations/demo_arm_ws/build/my_robot_bringup -- -j16 -l16
[2.761s] DEBUG:colcon.colcon_core.event_handler.log_command:Invoking command in '/home/ryu/hardware-integrations/demo_arm_ws/build/my_robot_bringup': AMENT_PREFIX_PATH=/home/ryu/hardware-integrations/demo_arm_ws/install/my_robot_moveit_config:/home/ryu/hardware-integrations/demo_arm_ws/install/my_robot_description:${AMENT_PREFIX_PATH} CMAKE_PREFIX_PATH=/home/ryu/hardware-integrations/demo_arm_ws/install/my_robot_moveit_config:/home/ryu/hardware-integrations/demo_arm_ws/install/my_robot_description:/opt/ros/jazzy/opt/gz_sim_vendor:/opt/ros/jazzy/opt/gz_sensors_vendor:/opt/ros/jazzy/opt/gz_physics_vendor:/opt/ros/jazzy/opt/sdformat_vendor:/opt/ros/jazzy/opt/gz_gui_vendor:/opt/ros/jazzy/opt/gz_transport_vendor:/opt/ros/jazzy/opt/gz_rendering_vendor:/opt/ros/jazzy/opt/gz_plugin_vendor:/opt/ros/jazzy/opt/gz_fuel_tools_vendor:/opt/ros/jazzy/opt/gz_msgs_vendor:/opt/ros/jazzy/opt/gz_common_vendor:/opt/ros/jazzy/opt/gz_math_vendor:/opt/ros/jazzy/opt/gz_utils_vendor:/opt/ros/jazzy/opt/gz_tools_vendor:/opt/ros/jazzy/opt/gz_ogre_next_vendor:/opt/ros/jazzy/opt/gz_dartsim_vendor:/opt/ros/jazzy/opt/gz_cmake_vendor:/opt/ros/jazzy DEBUGINFOD_URLS=https://debuginfod.ubuntu.com /usr/bin/cmake --install /home/ryu/hardware-integrations/demo_arm_ws/build/my_robot_bringup
[2.762s] DEBUG:colcon.colcon_core.event_handler.log_command:Invoked command in '/home/ryu/hardware-integrations/demo_arm_ws/build/my_robot_interfaces' returned '0': CMAKE_PREFIX_PATH=${CMAKE_PREFIX_PATH}:/opt/ros/jazzy DEBUGINFOD_URLS=https://debuginfod.ubuntu.com /usr/bin/cmake /home/ryu/hardware-integrations/demo_arm_ws/src/my_robot_interfaces -DAMENT_CMAKE_SYMLINK_INSTALL=1 -DCMAKE_INSTALL_PREFIX=/home/ryu/hardware-integrations/demo_arm_ws/install/my_robot_interfaces
[2.763s] DEBUG:colcon.colcon_core.event_handler.log_command:Invoking command in '/home/ryu/hardware-integrations/demo_arm_ws/build/my_robot_interfaces': CMAKE_PREFIX_PATH=${CMAKE_PREFIX_PATH}:/opt/ros/jazzy DEBUGINFOD_URLS=https://debuginfod.ubuntu.com /usr/bin/cmake --build /home/ryu/hardware-integrations/demo_arm_ws/build/my_robot_interfaces -- -j16 -l16
[2.893s] Level 1:colcon.colcon_core.environment:create_environment_scripts_only(my_robot_bringup)
[2.893s] Level 1:colcon.colcon_core.environment:checking '/home/ryu/hardware-integrations/demo_arm_ws/install/my_robot_bringup' for CMake module files
[2.894s] DEBUG:colcon.colcon_core.event_handler.log_command:Invoked command in '/home/ryu/hardware-integrations/demo_arm_ws/build/my_robot_bringup' returned '0': AMENT_PREFIX_PATH=/home/ryu/hardware-integrations/demo_arm_ws/install/my_robot_moveit_config:/home/ryu/hardware-integrations/demo_arm_ws/install/my_robot_description:${AMENT_PREFIX_PATH} CMAKE_PREFIX_PATH=/home/ryu/hardware-integrations/demo_arm_ws/install/my_robot_moveit_config:/home/ryu/hardware-integrations/demo_arm_ws/install/my_robot_description:/opt/ros/jazzy/opt/gz_sim_vendor:/opt/ros/jazzy/opt/gz_sensors_vendor:/opt/ros/jazzy/opt/gz_physics_vendor:/opt/ros/jazzy/opt/sdformat_vendor:/opt/ros/jazzy/opt/gz_gui_vendor:/opt/ros/jazzy/opt/gz_transport_vendor:/opt/ros/jazzy/opt/gz_rendering_vendor:/opt/ros/jazzy/opt/gz_plugin_vendor:/opt/ros/jazzy/opt/gz_fuel_tools_vendor:/opt/ros/jazzy/opt/gz_msgs_vendor:/opt/ros/jazzy/opt/gz_common_vendor:/opt/ros/jazzy/opt/gz_math_vendor:/opt/ros/jazzy/opt/gz_utils_vendor:/opt/ros/jazzy/opt/gz_tools_vendor:/opt/ros/jazzy/opt/gz_ogre_next_vendor:/opt/ros/jazzy/opt/gz_dartsim_vendor:/opt/ros/jazzy/opt/gz_cmake_vendor:/opt/ros/jazzy DEBUGINFOD_URLS=https://debuginfod.ubuntu.com /usr/bin/cmake --install /home/ryu/hardware-integrations/demo_arm_ws/build/my_robot_bringup
[2.894s] Level 1:colcon.colcon_core.environment:checking '/home/ryu/hardware-integrations/demo_arm_ws/install/my_robot_bringup' for CMake config files
[2.894s] Level 1:colcon.colcon_core.shell:create_environment_hook('my_robot_bringup', 'cmake_prefix_path')
[2.894s] INFO:colcon.colcon_core.shell:Creating environment hook '/home/ryu/hardware-integrations/demo_arm_ws/install/my_robot_bringup/share/my_robot_bringup/hook/cmake_prefix_path.ps1'
[2.895s] INFO:colcon.colcon_core.shell:Creating environment descriptor '/home/ryu/hardware-integrations/demo_arm_ws/install/my_robot_bringup/share/my_robot_bringup/hook/cmake_prefix_path.dsv'
[2.895s] INFO:colcon.colcon_core.shell:Creating environment hook '/home/ryu/hardware-integrations/demo_arm_ws/install/my_robot_bringup/share/my_robot_bringup/hook/cmake_prefix_path.sh'
[2.895s] Level 1:colcon.colcon_core.environment:checking '/home/ryu/hardware-integrations/demo_arm_ws/install/my_robot_bringup/bin'
[2.895s] Level 1:colcon.colcon_core.environment:checking '/home/ryu/hardware-integrations/demo_arm_ws/install/my_robot_bringup/lib/pkgconfig/my_robot_bringup.pc'
[2.895s] Level 1:colcon.colcon_core.environment:checking '/home/ryu/hardware-integrations/demo_arm_ws/install/my_robot_bringup/lib/python3.12/site-packages'
[2.896s] Level 1:colcon.colcon_core.environment:checking '/home/ryu/hardware-integrations/demo_arm_ws/install/my_robot_bringup/bin'
[2.896s] INFO:colcon.colcon_core.shell:Creating package script '/home/ryu/hardware-integrations/demo_arm_ws/install/my_robot_bringup/share/my_robot_bringup/package.ps1'
[2.896s] INFO:colcon.colcon_core.shell:Creating package descriptor '/home/ryu/hardware-integrations/demo_arm_ws/install/my_robot_bringup/share/my_robot_bringup/package.dsv'
[2.896s] INFO:colcon.colcon_core.shell:Creating package script '/home/ryu/hardware-integrations/demo_arm_ws/install/my_robot_bringup/share/my_robot_bringup/package.sh'
[2.896s] INFO:colcon.colcon_core.shell:Creating package script '/home/ryu/hardware-integrations/demo_arm_ws/install/my_robot_bringup/share/my_robot_bringup/package.bash'
[2.897s] INFO:colcon.colcon_core.shell:Creating package script '/home/ryu/hardware-integrations/demo_arm_ws/install/my_robot_bringup/share/my_robot_bringup/package.zsh'
[2.897s] Level 1:colcon.colcon_core.environment:create_file_with_runtime_dependencies(/home/ryu/hardware-integrations/demo_arm_ws/install/my_robot_bringup/share/colcon-core/packages/my_robot_bringup)
[2.897s] Level 1:colcon.colcon_core.environment:create_environment_scripts_only(my_robot_bringup)
[2.897s] Level 1:colcon.colcon_core.environment:checking '/home/ryu/hardware-integrations/demo_arm_ws/install/my_robot_bringup' for CMake module files
[2.897s] Level 1:colcon.colcon_core.environment:checking '/home/ryu/hardware-integrations/demo_arm_ws/install/my_robot_bringup' for CMake config files
[2.898s] Level 1:colcon.colcon_core.shell:create_environment_hook('my_robot_bringup', 'cmake_prefix_path')
[2.898s] INFO:colcon.colcon_core.shell:Creating environment hook '/home/ryu/hardware-integrations/demo_arm_ws/install/my_robot_bringup/share/my_robot_bringup/hook/cmake_prefix_path.ps1'
[2.898s] INFO:colcon.colcon_core.shell:Creating environment descriptor '/home/ryu/hardware-integrations/demo_arm_ws/install/my_robot_bringup/share/my_robot_bringup/hook/cmake_prefix_path.dsv'
[2.898s] INFO:colcon.colcon_core.shell:Creating environment hook '/home/ryu/hardware-integrations/demo_arm_ws/install/my_robot_bringup/share/my_robot_bringup/hook/cmake_prefix_path.sh'
[2.899s] Level 1:colcon.colcon_core.environment:checking '/home/ryu/hardware-integrations/demo_arm_ws/install/my_robot_bringup/bin'
[2.899s] Level 1:colcon.colcon_core.environment:checking '/home/ryu/hardware-integrations/demo_arm_ws/install/my_robot_bringup/lib/pkgconfig/my_robot_bringup.pc'
[2.899s] Level 1:colcon.colcon_core.environment:checking '/home/ryu/hardware-integrations/demo_arm_ws/install/my_robot_bringup/lib/python3.12/site-packages'
[2.900s] Level 1:colcon.colcon_core.environment:checking '/home/ryu/hardware-integrations/demo_arm_ws/install/my_robot_bringup/bin'
[2.900s] INFO:colcon.colcon_core.shell:Creating package script '/home/ryu/hardware-integrations/demo_arm_ws/install/my_robot_bringup/share/my_robot_bringup/package.ps1'
[2.901s] INFO:colcon.colcon_core.shell:Creating package descriptor '/home/ryu/hardware-integrations/demo_arm_ws/install/my_robot_bringup/share/my_robot_bringup/package.dsv'
[2.901s] INFO:colcon.colcon_core.shell:Creating package script '/home/ryu/hardware-integrations/demo_arm_ws/install/my_robot_bringup/share/my_robot_bringup/package.sh'
[2.901s] INFO:colcon.colcon_core.shell:Creating package script '/home/ryu/hardware-integrations/demo_arm_ws/install/my_robot_bringup/share/my_robot_bringup/package.bash'
[2.902s] INFO:colcon.colcon_core.shell:Creating package script '/home/ryu/hardware-integrations/demo_arm_ws/install/my_robot_bringup/share/my_robot_bringup/package.zsh'
[2.902s] Level 1:colcon.colcon_core.environment:create_file_with_runtime_dependencies(/home/ryu/hardware-integrations/demo_arm_ws/install/my_robot_bringup/share/colcon-core/packages/my_robot_bringup)
[4.105s] DEBUG:colcon.colcon_core.event_handler.log_command:Invoked command in '/home/ryu/hardware-integrations/demo_arm_ws/build/my_robot_interfaces' returned '0': CMAKE_PREFIX_PATH=${CMAKE_PREFIX_PATH}:/opt/ros/jazzy DEBUGINFOD_URLS=https://debuginfod.ubuntu.com /usr/bin/cmake --build /home/ryu/hardware-integrations/demo_arm_ws/build/my_robot_interfaces -- -j16 -l16
[4.107s] DEBUG:colcon.colcon_core.event_handler.log_command:Invoking command in '/home/ryu/hardware-integrations/demo_arm_ws/build/my_robot_interfaces': CMAKE_PREFIX_PATH=${CMAKE_PREFIX_PATH}:/opt/ros/jazzy DEBUGINFOD_URLS=https://debuginfod.ubuntu.com /usr/bin/cmake --install /home/ryu/hardware-integrations/demo_arm_ws/build/my_robot_interfaces
[4.650s] Level 1:colcon.colcon_core.environment:create_environment_scripts_only(my_robot_interfaces)
[4.650s] Level 1:colcon.colcon_core.environment:checking '/home/ryu/hardware-integrations/demo_arm_ws/install/my_robot_interfaces' for CMake module files
[4.650s] DEBUG:colcon.colcon_core.event_handler.log_command:Invoked command in '/home/ryu/hardware-integrations/demo_arm_ws/build/my_robot_interfaces' returned '0': CMAKE_PREFIX_PATH=${CMAKE_PREFIX_PATH}:/opt/ros/jazzy DEBUGINFOD_URLS=https://debuginfod.ubuntu.com /usr/bin/cmake --install /home/ryu/hardware-integrations/demo_arm_ws/build/my_robot_interfaces
[4.651s] Level 1:colcon.colcon_core.environment:checking '/home/ryu/hardware-integrations/demo_arm_ws/install/my_robot_interfaces' for CMake config files
[4.651s] Level 1:colcon.colcon_core.shell:create_environment_hook('my_robot_interfaces', 'cmake_prefix_path')
[4.651s] INFO:colcon.colcon_core.shell:Creating environment hook '/home/ryu/hardware-integrations/demo_arm_ws/install/my_robot_interfaces/share/my_robot_interfaces/hook/cmake_prefix_path.ps1'
[4.652s] INFO:colcon.colcon_core.shell:Creating environment descriptor '/home/ryu/hardware-integrations/demo_arm_ws/install/my_robot_interfaces/share/my_robot_interfaces/hook/cmake_prefix_path.dsv'
[4.652s] INFO:colcon.colcon_core.shell:Creating environment hook '/home/ryu/hardware-integrations/demo_arm_ws/install/my_robot_interfaces/share/my_robot_interfaces/hook/cmake_prefix_path.sh'
[4.652s] Level 1:colcon.colcon_core.environment:checking '/home/ryu/hardware-integrations/demo_arm_ws/install/my_robot_interfaces/lib'
[4.652s] Level 1:colcon.colcon_core.shell:create_environment_hook('my_robot_interfaces', 'ld_library_path_lib')
[4.652s] INFO:colcon.colcon_core.shell:Creating environment hook '/home/ryu/hardware-integrations/demo_arm_ws/install/my_robot_interfaces/share/my_robot_interfaces/hook/ld_library_path_lib.ps1'
[4.652s] INFO:colcon.colcon_core.shell:Creating environment descriptor '/home/ryu/hardware-integrations/demo_arm_ws/install/my_robot_interfaces/share/my_robot_interfaces/hook/ld_library_path_lib.dsv'
[4.652s] INFO:colcon.colcon_core.shell:Creating environment hook '/home/ryu/hardware-integrations/demo_arm_ws/install/my_robot_interfaces/share/my_robot_interfaces/hook/ld_library_path_lib.sh'
[4.652s] Level 1:colcon.colcon_core.environment:checking '/home/ryu/hardware-integrations/demo_arm_ws/install/my_robot_interfaces/bin'
[4.653s] Level 1:colcon.colcon_core.environment:checking '/home/ryu/hardware-integrations/demo_arm_ws/install/my_robot_interfaces/lib/pkgconfig/my_robot_interfaces.pc'
[4.653s] Level 1:colcon.colcon_core.environment:checking '/home/ryu/hardware-integrations/demo_arm_ws/install/my_robot_interfaces/lib/python3.12/site-packages'
[4.653s] Level 1:colcon.colcon_core.shell:create_environment_hook('my_robot_interfaces', 'pythonpath')
[4.653s] INFO:colcon.colcon_core.shell:Creating environment hook '/home/ryu/hardware-integrations/demo_arm_ws/install/my_robot_interfaces/share/my_robot_interfaces/hook/pythonpath.ps1'
[4.653s] INFO:colcon.colcon_core.shell:Creating environment descriptor '/home/ryu/hardware-integrations/demo_arm_ws/install/my_robot_interfaces/share/my_robot_interfaces/hook/pythonpath.dsv'
[4.653s] INFO:colcon.colcon_core.shell:Creating environment hook '/home/ryu/hardware-integrations/demo_arm_ws/install/my_robot_interfaces/share/my_robot_interfaces/hook/pythonpath.sh'
[4.653s] Level 1:colcon.colcon_core.environment:checking '/home/ryu/hardware-integrations/demo_arm_ws/install/my_robot_interfaces/bin'
[4.653s] INFO:colcon.colcon_core.shell:Creating package script '/home/ryu/hardware-integrations/demo_arm_ws/install/my_robot_interfaces/share/my_robot_interfaces/package.ps1'
[4.654s] INFO:colcon.colcon_core.shell:Creating package descriptor '/home/ryu/hardware-integrations/demo_arm_ws/install/my_robot_interfaces/share/my_robot_interfaces/package.dsv'
[4.654s] INFO:colcon.colcon_core.shell:Creating package script '/home/ryu/hardware-integrations/demo_arm_ws/install/my_robot_interfaces/share/my_robot_interfaces/package.sh'
[4.654s] INFO:colcon.colcon_core.shell:Creating package script '/home/ryu/hardware-integrations/demo_arm_ws/install/my_robot_interfaces/share/my_robot_interfaces/package.bash'
[4.654s] INFO:colcon.colcon_core.shell:Creating package script '/home/ryu/hardware-integrations/demo_arm_ws/install/my_robot_interfaces/share/my_robot_interfaces/package.zsh'
[4.654s] Level 1:colcon.colcon_core.environment:create_file_with_runtime_dependencies(/home/ryu/hardware-integrations/demo_arm_ws/install/my_robot_interfaces/share/colcon-core/packages/my_robot_interfaces)
[4.654s] Level 1:colcon.colcon_core.environment:create_environment_scripts_only(my_robot_interfaces)
[4.654s] Level 1:colcon.colcon_core.environment:checking '/home/ryu/hardware-integrations/demo_arm_ws/install/my_robot_interfaces' for CMake module files
[4.655s] Level 1:colcon.colcon_core.environment:checking '/home/ryu/hardware-integrations/demo_arm_ws/install/my_robot_interfaces' for CMake config files
[4.655s] Level 1:colcon.colcon_core.shell:create_environment_hook('my_robot_interfaces', 'cmake_prefix_path')
[4.655s] INFO:colcon.colcon_core.shell:Creating environment hook '/home/ryu/hardware-integrations/demo_arm_ws/install/my_robot_interfaces/share/my_robot_interfaces/hook/cmake_prefix_path.ps1'
[4.655s] INFO:colcon.colcon_core.shell:Creating environment descriptor '/home/ryu/hardware-integrations/demo_arm_ws/install/my_robot_interfaces/share/my_robot_interfaces/hook/cmake_prefix_path.dsv'
[4.655s] INFO:colcon.colcon_core.shell:Creating environment hook '/home/ryu/hardware-integrations/demo_arm_ws/install/my_robot_interfaces/share/my_robot_interfaces/hook/cmake_prefix_path.sh'
[4.655s] Level 1:colcon.colcon_core.environment:checking '/home/ryu/hardware-integrations/demo_arm_ws/install/my_robot_interfaces/lib'
[4.655s] Level 1:colcon.colcon_core.shell:create_environment_hook('my_robot_interfaces', 'ld_library_path_lib')
[4.655s] INFO:colcon.colcon_core.shell:Creating environment hook '/home/ryu/hardware-integrations/demo_arm_ws/install/my_robot_interfaces/share/my_robot_interfaces/hook/ld_library_path_lib.ps1'
[4.655s] INFO:colcon.colcon_core.shell:Creating environment descriptor '/home/ryu/hardware-integrations/demo_arm_ws/install/my_robot_interfaces/share/my_robot_interfaces/hook/ld_library_path_lib.dsv'
[4.656s] INFO:colcon.colcon_core.shell:Creating environment hook '/home/ryu/hardware-integrations/demo_arm_ws/install/my_robot_interfaces/share/my_robot_interfaces/hook/ld_library_path_lib.sh'
[4.656s] Level 1:colcon.colcon_core.environment:checking '/home/ryu/hardware-integrations/demo_arm_ws/install/my_robot_interfaces/bin'
[4.656s] Level 1:colcon.colcon_core.environment:checking '/home/ryu/hardware-integrations/demo_arm_ws/install/my_robot_interfaces/lib/pkgconfig/my_robot_interfaces.pc'
[4.656s] Level 1:colcon.colcon_core.environment:checking '/home/ryu/hardware-integrations/demo_arm_ws/install/my_robot_interfaces/lib/python3.12/site-packages'
[4.656s] Level 1:colcon.colcon_core.shell:create_environment_hook('my_robot_interfaces', 'pythonpath')
[4.656s] INFO:colcon.colcon_core.shell:Creating environment hook '/home/ryu/hardware-integrations/demo_arm_ws/install/my_robot_interfaces/share/my_robot_interfaces/hook/pythonpath.ps1'
[4.656s] INFO:colcon.colcon_core.shell:Creating environment descriptor '/home/ryu/hardware-integrations/demo_arm_ws/install/my_robot_interfaces/share/my_robot_interfaces/hook/pythonpath.dsv'
[4.656s] INFO:colcon.colcon_core.shell:Creating environment hook '/home/ryu/hardware-integrations/demo_arm_ws/install/my_robot_interfaces/share/my_robot_interfaces/hook/pythonpath.sh'
[4.656s] Level 1:colcon.colcon_core.environment:checking '/home/ryu/hardware-integrations/demo_arm_ws/install/my_robot_interfaces/bin'
[4.657s] INFO:colcon.colcon_core.shell:Creating package script '/home/ryu/hardware-integrations/demo_arm_ws/install/my_robot_interfaces/share/my_robot_interfaces/package.ps1'
[4.657s] INFO:colcon.colcon_core.shell:Creating package descriptor '/home/ryu/hardware-integrations/demo_arm_ws/install/my_robot_interfaces/share/my_robot_interfaces/package.dsv'
[4.657s] INFO:colcon.colcon_core.shell:Creating package script '/home/ryu/hardware-integrations/demo_arm_ws/install/my_robot_interfaces/share/my_robot_interfaces/package.sh'
[4.657s] INFO:colcon.colcon_core.shell:Creating package script '/home/ryu/hardware-integrations/demo_arm_ws/install/my_robot_interfaces/share/my_robot_interfaces/package.bash'
[4.657s] INFO:colcon.colcon_core.shell:Creating package script '/home/ryu/hardware-integrations/demo_arm_ws/install/my_robot_interfaces/share/my_robot_interfaces/package.zsh'
[4.657s] Level 1:colcon.colcon_core.environment:create_file_with_runtime_dependencies(/home/ryu/hardware-integrations/demo_arm_ws/install/my_robot_interfaces/share/colcon-core/packages/my_robot_interfaces)
[4.658s] DEBUG:colcon.colcon_parallel_executor.executor.parallel:closing loop
[4.658s] DEBUG:colcon.colcon_parallel_executor.executor.parallel:loop closed
[4.658s] DEBUG:colcon.colcon_parallel_executor.executor.parallel:run_until_complete finished with '0'
[4.658s] DEBUG:colcon.colcon_core.event_reactor:joining thread
[4.664s] INFO:colcon.colcon_core.plugin_system:Skipping extension 'colcon_notification.desktop_notification.terminal_notifier': Not used on non-Darwin systems
[4.664s] INFO:colcon.colcon_core.plugin_system:Skipping extension 'colcon_notification.desktop_notification.win32': Not used on non-Windows systems
[4.664s] INFO:colcon.colcon_notification.desktop_notification:Sending desktop notification using 'notify2'
[4.673s] DEBUG:colcon.colcon_core.event_reactor:joined thread
[4.674s] INFO:colcon.colcon_core.shell:Creating prefix script '/home/ryu/hardware-integrations/demo_arm_ws/install/local_setup.ps1'
[4.674s] INFO:colcon.colcon_core.shell:Creating prefix util module '/home/ryu/hardware-integrations/demo_arm_ws/install/_local_setup_util_ps1.py'
[4.675s] INFO:colcon.colcon_core.shell:Creating prefix chain script '/home/ryu/hardware-integrations/demo_arm_ws/install/setup.ps1'
[4.675s] INFO:colcon.colcon_core.shell:Creating prefix script '/home/ryu/hardware-integrations/demo_arm_ws/install/local_setup.sh'
[4.675s] INFO:colcon.colcon_core.shell:Creating prefix util module '/home/ryu/hardware-integrations/demo_arm_ws/install/_local_setup_util_sh.py'
[4.675s] INFO:colcon.colcon_core.shell:Creating prefix chain script '/home/ryu/hardware-integrations/demo_arm_ws/install/setup.sh'
[4.676s] INFO:colcon.colcon_core.shell:Creating prefix script '/home/ryu/hardware-integrations/demo_arm_ws/install/local_setup.bash'
[4.676s] INFO:colcon.colcon_core.shell:Creating prefix chain script '/home/ryu/hardware-integrations/demo_arm_ws/install/setup.bash'
[4.676s] INFO:colcon.colcon_core.shell:Creating prefix script '/home/ryu/hardware-integrations/demo_arm_ws/install/local_setup.zsh'
[4.676s] INFO:colcon.colcon_core.shell:Creating prefix chain script '/home/ryu/hardware-integrations/demo_arm_ws/install/setup.zsh'
