[0.007s] Invoking command in '/home/ryu/hardware-integrations/demo_arm_ws/build/my_robot_bringup': AMENT_PREFIX_PATH=/home/ryu/hardware-integrations/demo_arm_ws/install/my_robot_moveit_config:/home/ryu/hardware-integrations/demo_arm_ws/install/my_robot_description:${AMENT_PREFIX_PATH} CMAKE_PREFIX_PATH=/home/ryu/hardware-integrations/demo_arm_ws/install/my_robot_moveit_config:/home/ryu/hardware-integrations/demo_arm_ws/install/my_robot_description:/opt/ros/jazzy/opt/gz_sim_vendor:/opt/ros/jazzy/opt/gz_sensors_vendor:/opt/ros/jazzy/opt/gz_physics_vendor:/opt/ros/jazzy/opt/sdformat_vendor:/opt/ros/jazzy/opt/gz_gui_vendor:/opt/ros/jazzy/opt/gz_transport_vendor:/opt/ros/jazzy/opt/gz_rendering_vendor:/opt/ros/jazzy/opt/gz_plugin_vendor:/opt/ros/jazzy/opt/gz_fuel_tools_vendor:/opt/ros/jazzy/opt/gz_msgs_vendor:/opt/ros/jazzy/opt/gz_common_vendor:/opt/ros/jazzy/opt/gz_math_vendor:/opt/ros/jazzy/opt/gz_utils_vendor:/opt/ros/jazzy/opt/gz_tools_vendor:/opt/ros/jazzy/opt/gz_ogre_next_vendor:/opt/ros/jazzy/opt/gz_dartsim_vendor:/opt/ros/jazzy/opt/gz_cmake_vendor:/opt/ros/jazzy DEBUGINFOD_URLS=https://debuginfod.ubuntu.com /usr/bin/cmake /home/ryu/hardware-integrations/demo_arm_ws/src/my_robot_bringup -DAMENT_CMAKE_SYMLINK_INSTALL=1 -DCMAKE_INSTALL_PREFIX=/home/ryu/hardware-integrations/demo_arm_ws/install/my_robot_bringup
[0.050s] -- The C compiler identification is GNU 13.3.0
[0.091s] -- The CXX compiler identification is GNU 13.3.0
[0.106s] -- Detecting C compiler ABI info
[0.185s] -- Detecting C compiler ABI info - done
[0.189s] -- Check for working C compiler: /usr/bin/cc - skipped
[0.190s] -- Detecting C compile features
[0.190s] -- Detecting C compile features - done
[0.198s] -- Detecting CXX compiler ABI info
[0.281s] -- Detecting CXX compiler ABI info - done
[0.287s] -- Check for working CXX compiler: /usr/bin/c++ - skipped
[0.287s] -- Detecting CXX compile features
[0.288s] -- Detecting CXX compile features - done
[0.290s] -- Found ament_cmake: 2.5.4 (/opt/ros/jazzy/share/ament_cmake/cmake)
[0.395s] -- Found Python3: /usr/bin/python3 (found version "3.12.3") found components: Interpreter 
[0.438s] -- Override CMake install command with custom implementation using symlinks instead of copying resources
[0.516s] -- Configuring done (0.5s)
[0.517s] -- Generating done (0.0s)
[0.518s] -- Build files have been written to: /home/ryu/hardware-integrations/demo_arm_ws/build/my_robot_bringup
[0.521s] Invoked command in '/home/ryu/hardware-integrations/demo_arm_ws/build/my_robot_bringup' returned '0': AMENT_PREFIX_PATH=/home/ryu/hardware-integrations/demo_arm_ws/install/my_robot_moveit_config:/home/ryu/hardware-integrations/demo_arm_ws/install/my_robot_description:${AMENT_PREFIX_PATH} CMAKE_PREFIX_PATH=/home/ryu/hardware-integrations/demo_arm_ws/install/my_robot_moveit_config:/home/ryu/hardware-integrations/demo_arm_ws/install/my_robot_description:/opt/ros/jazzy/opt/gz_sim_vendor:/opt/ros/jazzy/opt/gz_sensors_vendor:/opt/ros/jazzy/opt/gz_physics_vendor:/opt/ros/jazzy/opt/sdformat_vendor:/opt/ros/jazzy/opt/gz_gui_vendor:/opt/ros/jazzy/opt/gz_transport_vendor:/opt/ros/jazzy/opt/gz_rendering_vendor:/opt/ros/jazzy/opt/gz_plugin_vendor:/opt/ros/jazzy/opt/gz_fuel_tools_vendor:/opt/ros/jazzy/opt/gz_msgs_vendor:/opt/ros/jazzy/opt/gz_common_vendor:/opt/ros/jazzy/opt/gz_math_vendor:/opt/ros/jazzy/opt/gz_utils_vendor:/opt/ros/jazzy/opt/gz_tools_vendor:/opt/ros/jazzy/opt/gz_ogre_next_vendor:/opt/ros/jazzy/opt/gz_dartsim_vendor:/opt/ros/jazzy/opt/gz_cmake_vendor:/opt/ros/jazzy DEBUGINFOD_URLS=https://debuginfod.ubuntu.com /usr/bin/cmake /home/ryu/hardware-integrations/demo_arm_ws/src/my_robot_bringup -DAMENT_CMAKE_SYMLINK_INSTALL=1 -DCMAKE_INSTALL_PREFIX=/home/ryu/hardware-integrations/demo_arm_ws/install/my_robot_bringup
[0.523s] Invoking command in '/home/ryu/hardware-integrations/demo_arm_ws/build/my_robot_bringup': AMENT_PREFIX_PATH=/home/ryu/hardware-integrations/demo_arm_ws/install/my_robot_moveit_config:/home/ryu/hardware-integrations/demo_arm_ws/install/my_robot_description:${AMENT_PREFIX_PATH} CMAKE_PREFIX_PATH=/home/ryu/hardware-integrations/demo_arm_ws/install/my_robot_moveit_config:/home/ryu/hardware-integrations/demo_arm_ws/install/my_robot_description:/opt/ros/jazzy/opt/gz_sim_vendor:/opt/ros/jazzy/opt/gz_sensors_vendor:/opt/ros/jazzy/opt/gz_physics_vendor:/opt/ros/jazzy/opt/sdformat_vendor:/opt/ros/jazzy/opt/gz_gui_vendor:/opt/ros/jazzy/opt/gz_transport_vendor:/opt/ros/jazzy/opt/gz_rendering_vendor:/opt/ros/jazzy/opt/gz_plugin_vendor:/opt/ros/jazzy/opt/gz_fuel_tools_vendor:/opt/ros/jazzy/opt/gz_msgs_vendor:/opt/ros/jazzy/opt/gz_common_vendor:/opt/ros/jazzy/opt/gz_math_vendor:/opt/ros/jazzy/opt/gz_utils_vendor:/opt/ros/jazzy/opt/gz_tools_vendor:/opt/ros/jazzy/opt/gz_ogre_next_vendor:/opt/ros/jazzy/opt/gz_dartsim_vendor:/opt/ros/jazzy/opt/gz_cmake_vendor:/opt/ros/jazzy DEBUGINFOD_URLS=https://debuginfod.ubuntu.com /usr/bin/cmake --build /home/ryu/hardware-integrations/demo_arm_ws/build/my_robot_bringup -- -j16 -l16
[0.565s] Invoked command in '/home/ryu/hardware-integrations/demo_arm_ws/build/my_robot_bringup' returned '0': AMENT_PREFIX_PATH=/home/ryu/hardware-integrations/demo_arm_ws/install/my_robot_moveit_config:/home/ryu/hardware-integrations/demo_arm_ws/install/my_robot_description:${AMENT_PREFIX_PATH} CMAKE_PREFIX_PATH=/home/ryu/hardware-integrations/demo_arm_ws/install/my_robot_moveit_config:/home/ryu/hardware-integrations/demo_arm_ws/install/my_robot_description:/opt/ros/jazzy/opt/gz_sim_vendor:/opt/ros/jazzy/opt/gz_sensors_vendor:/opt/ros/jazzy/opt/gz_physics_vendor:/opt/ros/jazzy/opt/sdformat_vendor:/opt/ros/jazzy/opt/gz_gui_vendor:/opt/ros/jazzy/opt/gz_transport_vendor:/opt/ros/jazzy/opt/gz_rendering_vendor:/opt/ros/jazzy/opt/gz_plugin_vendor:/opt/ros/jazzy/opt/gz_fuel_tools_vendor:/opt/ros/jazzy/opt/gz_msgs_vendor:/opt/ros/jazzy/opt/gz_common_vendor:/opt/ros/jazzy/opt/gz_math_vendor:/opt/ros/jazzy/opt/gz_utils_vendor:/opt/ros/jazzy/opt/gz_tools_vendor:/opt/ros/jazzy/opt/gz_ogre_next_vendor:/opt/ros/jazzy/opt/gz_dartsim_vendor:/opt/ros/jazzy/opt/gz_cmake_vendor:/opt/ros/jazzy DEBUGINFOD_URLS=https://debuginfod.ubuntu.com /usr/bin/cmake --build /home/ryu/hardware-integrations/demo_arm_ws/build/my_robot_bringup -- -j16 -l16
[0.565s] Invoking command in '/home/ryu/hardware-integrations/demo_arm_ws/build/my_robot_bringup': AMENT_PREFIX_PATH=/home/ryu/hardware-integrations/demo_arm_ws/install/my_robot_moveit_config:/home/ryu/hardware-integrations/demo_arm_ws/install/my_robot_description:${AMENT_PREFIX_PATH} CMAKE_PREFIX_PATH=/home/ryu/hardware-integrations/demo_arm_ws/install/my_robot_moveit_config:/home/ryu/hardware-integrations/demo_arm_ws/install/my_robot_description:/opt/ros/jazzy/opt/gz_sim_vendor:/opt/ros/jazzy/opt/gz_sensors_vendor:/opt/ros/jazzy/opt/gz_physics_vendor:/opt/ros/jazzy/opt/sdformat_vendor:/opt/ros/jazzy/opt/gz_gui_vendor:/opt/ros/jazzy/opt/gz_transport_vendor:/opt/ros/jazzy/opt/gz_rendering_vendor:/opt/ros/jazzy/opt/gz_plugin_vendor:/opt/ros/jazzy/opt/gz_fuel_tools_vendor:/opt/ros/jazzy/opt/gz_msgs_vendor:/opt/ros/jazzy/opt/gz_common_vendor:/opt/ros/jazzy/opt/gz_math_vendor:/opt/ros/jazzy/opt/gz_utils_vendor:/opt/ros/jazzy/opt/gz_tools_vendor:/opt/ros/jazzy/opt/gz_ogre_next_vendor:/opt/ros/jazzy/opt/gz_dartsim_vendor:/opt/ros/jazzy/opt/gz_cmake_vendor:/opt/ros/jazzy DEBUGINFOD_URLS=https://debuginfod.ubuntu.com /usr/bin/cmake --install /home/ryu/hardware-integrations/demo_arm_ws/build/my_robot_bringup
[0.572s] -- Install configuration: ""
[0.572s] -- Execute custom install script
[0.572s] -- Symlinking: /home/ryu/hardware-integrations/demo_arm_ws/install/my_robot_bringup/share/my_robot_bringup/launch/my_robot_launch.xml
[0.578s] -- Symlinking: /home/ryu/hardware-integrations/demo_arm_ws/install/my_robot_bringup/share/my_robot_bringup/config/ros2_controllers.yaml
[0.583s] -- Symlinking: /home/ryu/hardware-integrations/demo_arm_ws/install/my_robot_bringup/share/ament_index/resource_index/package_run_dependencies/my_robot_bringup
[0.589s] -- Symlinking: /home/ryu/hardware-integrations/demo_arm_ws/install/my_robot_bringup/share/ament_index/resource_index/parent_prefix_path/my_robot_bringup
[0.595s] -- Symlinking: /home/ryu/hardware-integrations/demo_arm_ws/install/my_robot_bringup/share/my_robot_bringup/environment/ament_prefix_path.sh
[0.599s] -- Symlinking: /home/ryu/hardware-integrations/demo_arm_ws/install/my_robot_bringup/share/my_robot_bringup/environment/ament_prefix_path.dsv
[0.605s] -- Symlinking: /home/ryu/hardware-integrations/demo_arm_ws/install/my_robot_bringup/share/my_robot_bringup/environment/path.sh
[0.612s] -- Symlinking: /home/ryu/hardware-integrations/demo_arm_ws/install/my_robot_bringup/share/my_robot_bringup/environment/path.dsv
[0.618s] -- Symlinking: /home/ryu/hardware-integrations/demo_arm_ws/install/my_robot_bringup/share/my_robot_bringup/local_setup.bash
[0.626s] -- Symlinking: /home/ryu/hardware-integrations/demo_arm_ws/install/my_robot_bringup/share/my_robot_bringup/local_setup.sh
[0.632s] -- Symlinking: /home/ryu/hardware-integrations/demo_arm_ws/install/my_robot_bringup/share/my_robot_bringup/local_setup.zsh
[0.642s] -- Symlinking: /home/ryu/hardware-integrations/demo_arm_ws/install/my_robot_bringup/share/my_robot_bringup/local_setup.dsv
[0.653s] -- Symlinking: /home/ryu/hardware-integrations/demo_arm_ws/install/my_robot_bringup/share/my_robot_bringup/package.dsv
[0.660s] -- Symlinking: /home/ryu/hardware-integrations/demo_arm_ws/install/my_robot_bringup/share/ament_index/resource_index/packages/my_robot_bringup
[0.668s] -- Symlinking: /home/ryu/hardware-integrations/demo_arm_ws/install/my_robot_bringup/share/my_robot_bringup/cmake/my_robot_bringupConfig.cmake
[0.676s] -- Symlinking: /home/ryu/hardware-integrations/demo_arm_ws/install/my_robot_bringup/share/my_robot_bringup/cmake/my_robot_bringupConfig-version.cmake
[0.686s] -- Symlinking: /home/ryu/hardware-integrations/demo_arm_ws/install/my_robot_bringup/share/my_robot_bringup/package.xml
[0.698s] Invoked command in '/home/ryu/hardware-integrations/demo_arm_ws/build/my_robot_bringup' returned '0': AMENT_PREFIX_PATH=/home/ryu/hardware-integrations/demo_arm_ws/install/my_robot_moveit_config:/home/ryu/hardware-integrations/demo_arm_ws/install/my_robot_description:${AMENT_PREFIX_PATH} CMAKE_PREFIX_PATH=/home/ryu/hardware-integrations/demo_arm_ws/install/my_robot_moveit_config:/home/ryu/hardware-integrations/demo_arm_ws/install/my_robot_description:/opt/ros/jazzy/opt/gz_sim_vendor:/opt/ros/jazzy/opt/gz_sensors_vendor:/opt/ros/jazzy/opt/gz_physics_vendor:/opt/ros/jazzy/opt/sdformat_vendor:/opt/ros/jazzy/opt/gz_gui_vendor:/opt/ros/jazzy/opt/gz_transport_vendor:/opt/ros/jazzy/opt/gz_rendering_vendor:/opt/ros/jazzy/opt/gz_plugin_vendor:/opt/ros/jazzy/opt/gz_fuel_tools_vendor:/opt/ros/jazzy/opt/gz_msgs_vendor:/opt/ros/jazzy/opt/gz_common_vendor:/opt/ros/jazzy/opt/gz_math_vendor:/opt/ros/jazzy/opt/gz_utils_vendor:/opt/ros/jazzy/opt/gz_tools_vendor:/opt/ros/jazzy/opt/gz_ogre_next_vendor:/opt/ros/jazzy/opt/gz_dartsim_vendor:/opt/ros/jazzy/opt/gz_cmake_vendor:/opt/ros/jazzy DEBUGINFOD_URLS=https://debuginfod.ubuntu.com /usr/bin/cmake --install /home/ryu/hardware-integrations/demo_arm_ws/build/my_robot_bringup
