[0.222s] Invoking command in '/home/ryu/hardware-integrations/demo_arm_ws/build/my_robot_interfaces': CMAKE_PREFIX_PATH=${CMAKE_PREFIX_PATH}:/opt/ros/jazzy DEBUGINFOD_URLS=https://debuginfod.ubuntu.com /usr/bin/cmake /home/ryu/hardware-integrations/demo_arm_ws/src/my_robot_interfaces -DAMENT_CMAKE_SYMLINK_INSTALL=1 -DCMAKE_INSTALL_PREFIX=/home/ryu/hardware-integrations/demo_arm_ws/install/my_robot_interfaces
[0.281s] -- The C compiler identification is GNU 13.3.0
[0.337s] -- The CXX compiler identification is GNU 13.3.0
[0.356s] -- Detecting C compiler ABI info
[0.451s] -- Detecting C compiler ABI info - done
[0.461s] -- Check for working C compiler: /usr/bin/cc - skipped
[0.462s] -- Detecting C compile features
[0.462s] -- Detecting C compile features - done
[0.473s] -- Detecting CXX compiler ABI info
[0.567s] -- Detecting CXX compiler ABI info - done
[0.576s] -- Check for working CXX compiler: /usr/bin/c++ - skipped
[0.576s] -- Detecting CXX compile features
[0.576s] -- Detecting CXX compile features - done
[0.579s] -- Found ament_cmake: 2.5.4 (/opt/ros/jazzy/share/ament_cmake/cmake)
[0.700s] -- Found Python3: /usr/bin/python3 (found version "3.12.3") found components: Interpreter 
[0.741s] -- Override CMake install command with custom implementation using symlinks instead of copying resources
[0.768s] -- Found rosidl_default_generators: 1.6.0 (/opt/ros/jazzy/share/rosidl_default_generators/cmake)
[0.777s] -- Using all available rosidl_typesupport_c: rosidl_typesupport_fastrtps_c;rosidl_typesupport_introspection_c
[0.839s] -- Using all available rosidl_typesupport_cpp: rosidl_typesupport_fastrtps_cpp;rosidl_typesupport_introspection_cpp
[0.879s] -- Found rosidl_adapter: 4.6.6 (/opt/ros/jazzy/share/rosidl_adapter/cmake)
[1.298s] -- Found ament_cmake_ros: 0.12.0 (/opt/ros/jazzy/share/ament_cmake_ros/cmake)
[1.638s] -- Using all available rosidl_typesupport_c: rosidl_typesupport_fastrtps_c;rosidl_typesupport_introspection_c
[2.031s] -- Using all available rosidl_typesupport_cpp: rosidl_typesupport_fastrtps_cpp;rosidl_typesupport_introspection_cpp
[2.035s] -- Found python_cmake_module: 0.11.1 (/opt/ros/jazzy/share/python_cmake_module/cmake)
[2.144s] -- Found PythonExtra: /usr/bin/python3  
[2.437s] -- Found Python3: /usr/bin/python3 (found version "3.12.3") found components: Interpreter Development NumPy Development.Module Development.Embed 
[2.468s] -- Configuring done (2.2s)
[2.481s] -- Generating done (0.0s)
[2.487s] -- Build files have been written to: /home/ryu/hardware-integrations/demo_arm_ws/build/my_robot_interfaces
[2.498s] Invoked command in '/home/ryu/hardware-integrations/demo_arm_ws/build/my_robot_interfaces' returned '0': CMAKE_PREFIX_PATH=${CMAKE_PREFIX_PATH}:/opt/ros/jazzy DEBUGINFOD_URLS=https://debuginfod.ubuntu.com /usr/bin/cmake /home/ryu/hardware-integrations/demo_arm_ws/src/my_robot_interfaces -DAMENT_CMAKE_SYMLINK_INSTALL=1 -DCMAKE_INSTALL_PREFIX=/home/ryu/hardware-integrations/demo_arm_ws/install/my_robot_interfaces
[2.499s] Invoking command in '/home/ryu/hardware-integrations/demo_arm_ws/build/my_robot_interfaces': CMAKE_PREFIX_PATH=${CMAKE_PREFIX_PATH}:/opt/ros/jazzy DEBUGINFOD_URLS=https://debuginfod.ubuntu.com /usr/bin/cmake --build /home/ryu/hardware-integrations/demo_arm_ws/build/my_robot_interfaces -- -j16 -l16
[2.537s] [  2%] [34m[1mGenerating type hashes for ROS interfaces[0m
[2.541s] [  2%] Built target ament_cmake_python_symlink_my_robot_interfaces
[2.665s] [  2%] Built target my_robot_interfaces__rosidl_generator_type_description
[2.671s] [  5%] [34m[1mGenerating C code for ROS interfaces[0m
[2.681s] [  8%] [34m[1mGenerating C++ code for ROS interfaces[0m
[2.691s] running egg_info
[2.691s] creating my_robot_interfaces.egg-info
[2.702s] writing my_robot_interfaces.egg-info/PKG-INFO
[2.703s] writing dependency_links to my_robot_interfaces.egg-info/dependency_links.txt
[2.703s] writing top-level names to my_robot_interfaces.egg-info/top_level.txt
[2.703s] writing manifest file 'my_robot_interfaces.egg-info/SOURCES.txt'
[2.735s] reading manifest file 'my_robot_interfaces.egg-info/SOURCES.txt'
[2.735s] writing manifest file 'my_robot_interfaces.egg-info/SOURCES.txt'
[2.758s] [  8%] Built target ament_cmake_python_build_my_robot_interfaces_egg
[2.808s] [  8%] Built target my_robot_interfaces__cpp
[2.822s] [ 14%] [32mBuilding C object CMakeFiles/my_robot_interfaces__rosidl_generator_c.dir/rosidl_generator_c/my_robot_interfaces/msg/detail/pose_command__type_support.c.o[0m
[2.822s] [ 14%] [32mBuilding C object CMakeFiles/my_robot_interfaces__rosidl_generator_c.dir/rosidl_generator_c/my_robot_interfaces/msg/detail/pose_command__functions.c.o[0m
[2.825s] [ 17%] [32mBuilding C object CMakeFiles/my_robot_interfaces__rosidl_generator_c.dir/rosidl_generator_c/my_robot_interfaces/msg/detail/pose_command__description.c.o[0m
[2.863s] [ 20%] [32m[1mLinking C shared library libmy_robot_interfaces__rosidl_generator_c.so[0m
[2.901s] [ 20%] Built target my_robot_interfaces__rosidl_generator_c
[2.909s] [ 32%] [34m[1mGenerating C++ type support for eProsima Fast-RTPS[0m
[2.909s] [ 32%] [34m[1mGenerating C type support dispatch for ROS interfaces[0m
[2.910s] [ 32%] [34m[1mGenerating C++ introspection for ROS interfaces[0m
[2.910s] [ 32%] [34m[1mGenerating C introspection for ROS interfaces[0m
[2.911s] [ 38%] [34m[1mGenerating C type support for eProsima Fast-RTPS[0m
[2.911s] [ 38%] [34m[1mGenerating C++ type support dispatch for ROS interfaces[0m
[3.034s] [ 41%] [32mBuilding CXX object CMakeFiles/my_robot_interfaces__rosidl_typesupport_c.dir/rosidl_typesupport_c/my_robot_interfaces/msg/pose_command__type_support.cpp.o[0m
[3.045s] [ 44%] [32mBuilding CXX object CMakeFiles/my_robot_interfaces__rosidl_typesupport_introspection_cpp.dir/rosidl_typesupport_introspection_cpp/my_robot_interfaces/msg/detail/pose_command__type_support.cpp.o[0m
[3.049s] [ 47%] [32mBuilding C object CMakeFiles/my_robot_interfaces__rosidl_typesupport_introspection_c.dir/rosidl_typesupport_introspection_c/my_robot_interfaces/msg/detail/pose_command__type_support.c.o[0m
[3.062s] [ 50%] [32mBuilding CXX object CMakeFiles/my_robot_interfaces__rosidl_typesupport_fastrtps_c.dir/rosidl_typesupport_fastrtps_c/my_robot_interfaces/msg/detail/pose_command__type_support_c.cpp.o[0m
[3.071s] [ 52%] [32m[1mLinking C shared library libmy_robot_interfaces__rosidl_typesupport_introspection_c.so[0m
[3.077s] [ 55%] [32m[1mLinking CXX shared library libmy_robot_interfaces__rosidl_typesupport_c.so[0m
[3.091s] [ 58%] [32mBuilding CXX object CMakeFiles/my_robot_interfaces__rosidl_typesupport_cpp.dir/rosidl_typesupport_cpp/my_robot_interfaces/msg/pose_command__type_support.cpp.o[0m
[3.097s] [ 58%] Built target my_robot_interfaces__rosidl_typesupport_introspection_c
[3.112s] [ 58%] Built target my_robot_interfaces__rosidl_typesupport_c
[3.151s] [ 61%] [32mBuilding CXX object CMakeFiles/my_robot_interfaces__rosidl_typesupport_fastrtps_cpp.dir/rosidl_typesupport_fastrtps_cpp/my_robot_interfaces/msg/detail/dds_fastrtps/pose_command__type_support.cpp.o[0m
[3.201s] [ 64%] [32m[1mLinking CXX shared library libmy_robot_interfaces__rosidl_typesupport_introspection_cpp.so[0m
[3.230s] [ 67%] [32m[1mLinking CXX shared library libmy_robot_interfaces__rosidl_typesupport_cpp.so[0m
[3.237s] [ 67%] Built target my_robot_interfaces__rosidl_typesupport_introspection_cpp
[3.256s] [ 67%] Built target my_robot_interfaces__rosidl_typesupport_cpp
[3.284s] [ 70%] [32m[1mLinking CXX shared library libmy_robot_interfaces__rosidl_typesupport_fastrtps_c.so[0m
[3.322s] [ 70%] Built target my_robot_interfaces__rosidl_typesupport_fastrtps_c
[3.376s] [ 73%] [32m[1mLinking CXX shared library libmy_robot_interfaces__rosidl_typesupport_fastrtps_cpp.so[0m
[3.412s] [ 73%] Built target my_robot_interfaces__rosidl_typesupport_fastrtps_cpp
[3.433s] [ 73%] Built target my_robot_interfaces
[3.452s] [ 76%] [34m[1mGenerating Python code for ROS interfaces[0m
[3.602s] [ 76%] Built target my_robot_interfaces__py
[3.619s] [ 79%] [32mBuilding C object CMakeFiles/my_robot_interfaces__rosidl_generator_py.dir/rosidl_generator_py/my_robot_interfaces/msg/_pose_command_s.c.o[0m
[3.702s] [ 82%] [32m[1mLinking C shared library libmy_robot_interfaces__rosidl_generator_py.so[0m
[3.738s] [ 82%] Built target my_robot_interfaces__rosidl_generator_py
[3.755s] [ 88%] [32mBuilding C object CMakeFiles/my_robot_interfaces_s__rosidl_typesupport_introspection_c.dir/rosidl_generator_py/my_robot_interfaces/_my_robot_interfaces_s.ep.rosidl_typesupport_introspection_c.c.o[0m
[3.756s] [ 88%] [32mBuilding C object CMakeFiles/my_robot_interfaces_s__rosidl_typesupport_fastrtps_c.dir/rosidl_generator_py/my_robot_interfaces/_my_robot_interfaces_s.ep.rosidl_typesupport_fastrtps_c.c.o[0m
[3.760s] [ 91%] [32mBuilding C object CMakeFiles/my_robot_interfaces_s__rosidl_typesupport_c.dir/rosidl_generator_py/my_robot_interfaces/_my_robot_interfaces_s.ep.rosidl_typesupport_c.c.o[0m
[3.803s] [ 94%] [32m[1mLinking C shared module rosidl_generator_py/my_robot_interfaces/my_robot_interfaces_s__rosidl_typesupport_fastrtps_c.so[0m
[3.803s] [ 97%] [32m[1mLinking C shared module rosidl_generator_py/my_robot_interfaces/my_robot_interfaces_s__rosidl_typesupport_introspection_c.so[0m
[3.811s] [100%] [32m[1mLinking C shared module rosidl_generator_py/my_robot_interfaces/my_robot_interfaces_s__rosidl_typesupport_c.so[0m
[3.822s] [100%] Built target my_robot_interfaces_s__rosidl_typesupport_fastrtps_c
[3.822s] [100%] Built target my_robot_interfaces_s__rosidl_typesupport_introspection_c
[3.834s] [100%] Built target my_robot_interfaces_s__rosidl_typesupport_c
[3.841s] Invoked command in '/home/ryu/hardware-integrations/demo_arm_ws/build/my_robot_interfaces' returned '0': CMAKE_PREFIX_PATH=${CMAKE_PREFIX_PATH}:/opt/ros/jazzy DEBUGINFOD_URLS=https://debuginfod.ubuntu.com /usr/bin/cmake --build /home/ryu/hardware-integrations/demo_arm_ws/build/my_robot_interfaces -- -j16 -l16
[3.842s] Invoking command in '/home/ryu/hardware-integrations/demo_arm_ws/build/my_robot_interfaces': CMAKE_PREFIX_PATH=${CMAKE_PREFIX_PATH}:/opt/ros/jazzy DEBUGINFOD_URLS=https://debuginfod.ubuntu.com /usr/bin/cmake --install /home/ryu/hardware-integrations/demo_arm_ws/build/my_robot_interfaces
[3.848s] -- Install configuration: ""
[3.849s] -- Execute custom install script
[3.849s] -- Symlinking: /home/ryu/hardware-integrations/demo_arm_ws/install/my_robot_interfaces/share/ament_index/resource_index/rosidl_interfaces/my_robot_interfaces
[3.858s] -- Symlinking: /home/ryu/hardware-integrations/demo_arm_ws/install/my_robot_interfaces/share/my_robot_interfaces/msg/PoseCommand.json
[3.867s] -- Symlinking: /home/ryu/hardware-integrations/demo_arm_ws/install/my_robot_interfaces/include/my_robot_interfaces/my_robot_interfaces/msg/detail/pose_command__functions.h
[3.876s] -- Symlinking: /home/ryu/hardware-integrations/demo_arm_ws/install/my_robot_interfaces/include/my_robot_interfaces/my_robot_interfaces/msg/detail/pose_command__struct.h
[3.884s] -- Symlinking: /home/ryu/hardware-integrations/demo_arm_ws/install/my_robot_interfaces/include/my_robot_interfaces/my_robot_interfaces/msg/detail/pose_command__type_support.h
[3.893s] -- Symlinking: /home/ryu/hardware-integrations/demo_arm_ws/install/my_robot_interfaces/include/my_robot_interfaces/my_robot_interfaces/msg/pose_command.h
[3.901s] -- Symlinking: /home/ryu/hardware-integrations/demo_arm_ws/install/my_robot_interfaces/include/my_robot_interfaces/my_robot_interfaces/msg/rosidl_generator_c__visibility_control.h
[3.907s] -- Symlinking: /home/ryu/hardware-integrations/demo_arm_ws/install/my_robot_interfaces/share/my_robot_interfaces/environment/library_path.sh
[3.913s] -- Symlinking: /home/ryu/hardware-integrations/demo_arm_ws/install/my_robot_interfaces/share/my_robot_interfaces/environment/library_path.dsv
[3.918s] -- Symlinking: /home/ryu/hardware-integrations/demo_arm_ws/install/my_robot_interfaces/include/my_robot_interfaces/my_robot_interfaces/msg/detail/pose_command__rosidl_typesupport_fastrtps_c.h
[3.923s] -- Symlinking: /home/ryu/hardware-integrations/demo_arm_ws/install/my_robot_interfaces/include/my_robot_interfaces/my_robot_interfaces/msg/rosidl_typesupport_fastrtps_c__visibility_control.h
[3.932s] -- Symlinking: /home/ryu/hardware-integrations/demo_arm_ws/install/my_robot_interfaces/include/my_robot_interfaces/my_robot_interfaces/msg/detail/pose_command__rosidl_typesupport_introspection_c.h
[3.940s] -- Symlinking: /home/ryu/hardware-integrations/demo_arm_ws/install/my_robot_interfaces/include/my_robot_interfaces/my_robot_interfaces/msg/rosidl_typesupport_introspection_c__visibility_control.h
[3.951s] -- Symlinking: /home/ryu/hardware-integrations/demo_arm_ws/install/my_robot_interfaces/include/my_robot_interfaces/my_robot_interfaces/msg/detail/pose_command__builder.hpp
[3.957s] -- Symlinking: /home/ryu/hardware-integrations/demo_arm_ws/install/my_robot_interfaces/include/my_robot_interfaces/my_robot_interfaces/msg/detail/pose_command__struct.hpp
[3.964s] -- Symlinking: /home/ryu/hardware-integrations/demo_arm_ws/install/my_robot_interfaces/include/my_robot_interfaces/my_robot_interfaces/msg/detail/pose_command__traits.hpp
[3.970s] -- Symlinking: /home/ryu/hardware-integrations/demo_arm_ws/install/my_robot_interfaces/include/my_robot_interfaces/my_robot_interfaces/msg/detail/pose_command__type_support.hpp
[3.975s] -- Symlinking: /home/ryu/hardware-integrations/demo_arm_ws/install/my_robot_interfaces/include/my_robot_interfaces/my_robot_interfaces/msg/pose_command.hpp
[3.980s] -- Symlinking: /home/ryu/hardware-integrations/demo_arm_ws/install/my_robot_interfaces/include/my_robot_interfaces/my_robot_interfaces/msg/rosidl_generator_cpp__visibility_control.hpp
[3.986s] -- Symlinking: /home/ryu/hardware-integrations/demo_arm_ws/install/my_robot_interfaces/include/my_robot_interfaces/my_robot_interfaces/msg/detail/pose_command__rosidl_typesupport_fastrtps_cpp.hpp
[3.995s] -- Symlinking: /home/ryu/hardware-integrations/demo_arm_ws/install/my_robot_interfaces/include/my_robot_interfaces/my_robot_interfaces/msg/rosidl_typesupport_fastrtps_cpp__visibility_control.h
[4.003s] -- Symlinking: /home/ryu/hardware-integrations/demo_arm_ws/install/my_robot_interfaces/include/my_robot_interfaces/my_robot_interfaces/msg/detail/pose_command__rosidl_typesupport_introspection_cpp.hpp
[4.011s] -- Symlinking: /home/ryu/hardware-integrations/demo_arm_ws/install/my_robot_interfaces/share/my_robot_interfaces/environment/pythonpath.sh
[4.018s] -- Symlinking: /home/ryu/hardware-integrations/demo_arm_ws/install/my_robot_interfaces/share/my_robot_interfaces/environment/pythonpath.dsv
[4.026s] -- Symlinking: /home/ryu/hardware-integrations/demo_arm_ws/install/my_robot_interfaces/lib/python3.12/site-packages/my_robot_interfaces-0.0.0-py3.12.egg-info/PKG-INFO
[4.035s] -- Symlinking: /home/ryu/hardware-integrations/demo_arm_ws/install/my_robot_interfaces/lib/python3.12/site-packages/my_robot_interfaces-0.0.0-py3.12.egg-info/SOURCES.txt
[4.044s] -- Symlinking: /home/ryu/hardware-integrations/demo_arm_ws/install/my_robot_interfaces/lib/python3.12/site-packages/my_robot_interfaces-0.0.0-py3.12.egg-info/dependency_links.txt
[4.050s] -- Symlinking: /home/ryu/hardware-integrations/demo_arm_ws/install/my_robot_interfaces/lib/python3.12/site-packages/my_robot_interfaces-0.0.0-py3.12.egg-info/top_level.txt
[4.057s] -- Symlinking: /home/ryu/hardware-integrations/demo_arm_ws/install/my_robot_interfaces/lib/python3.12/site-packages/my_robot_interfaces/__init__.py
[4.066s] -- Symlinking: /home/ryu/hardware-integrations/demo_arm_ws/install/my_robot_interfaces/lib/python3.12/site-packages/my_robot_interfaces/_my_robot_interfaces_s.ep.rosidl_typesupport_c.c
[4.077s] -- Symlinking: /home/ryu/hardware-integrations/demo_arm_ws/install/my_robot_interfaces/lib/python3.12/site-packages/my_robot_interfaces/_my_robot_interfaces_s.ep.rosidl_typesupport_fastrtps_c.c
[4.085s] -- Symlinking: /home/ryu/hardware-integrations/demo_arm_ws/install/my_robot_interfaces/lib/python3.12/site-packages/my_robot_interfaces/_my_robot_interfaces_s.ep.rosidl_typesupport_introspection_c.c
[4.094s] -- Symlinking: /home/ryu/hardware-integrations/demo_arm_ws/install/my_robot_interfaces/lib/python3.12/site-packages/my_robot_interfaces/msg/__init__.py
[4.101s] -- Symlinking: /home/ryu/hardware-integrations/demo_arm_ws/install/my_robot_interfaces/lib/python3.12/site-packages/my_robot_interfaces/msg/_pose_command.py
[4.111s] -- Symlinking: /home/ryu/hardware-integrations/demo_arm_ws/install/my_robot_interfaces/lib/python3.12/site-packages/my_robot_interfaces/msg/_pose_command_s.c
[4.122s] -- Symlinking: /home/ryu/hardware-integrations/demo_arm_ws/install/my_robot_interfaces/lib/python3.12/site-packages/my_robot_interfaces/my_robot_interfaces_s__rosidl_typesupport_c.so
[4.132s] -- Symlinking: /home/ryu/hardware-integrations/demo_arm_ws/install/my_robot_interfaces/lib/python3.12/site-packages/my_robot_interfaces/my_robot_interfaces_s__rosidl_typesupport_fastrtps_c.so
[4.141s] -- Symlinking: /home/ryu/hardware-integrations/demo_arm_ws/install/my_robot_interfaces/lib/python3.12/site-packages/my_robot_interfaces/my_robot_interfaces_s__rosidl_typesupport_introspection_c.so
[4.152s] -- Up-to-date symlink: /home/ryu/hardware-integrations/demo_arm_ws/install/my_robot_interfaces/lib/python3.12/site-packages/my_robot_interfaces/my_robot_interfaces_s__rosidl_typesupport_fastrtps_c.so
[4.152s] -- Up-to-date symlink: /home/ryu/hardware-integrations/demo_arm_ws/install/my_robot_interfaces/lib/python3.12/site-packages/my_robot_interfaces/my_robot_interfaces_s__rosidl_typesupport_introspection_c.so
[4.153s] -- Up-to-date symlink: /home/ryu/hardware-integrations/demo_arm_ws/install/my_robot_interfaces/lib/python3.12/site-packages/my_robot_interfaces/my_robot_interfaces_s__rosidl_typesupport_c.so
[4.153s] -- Symlinking: /home/ryu/hardware-integrations/demo_arm_ws/install/my_robot_interfaces/share/my_robot_interfaces/msg/PoseCommand.idl
[4.159s] -- Symlinking: /home/ryu/hardware-integrations/demo_arm_ws/install/my_robot_interfaces/share/my_robot_interfaces/msg/PoseCommand.msg
[4.167s] -- Symlinking: /home/ryu/hardware-integrations/demo_arm_ws/install/my_robot_interfaces/share/ament_index/resource_index/package_run_dependencies/my_robot_interfaces
[4.175s] -- Symlinking: /home/ryu/hardware-integrations/demo_arm_ws/install/my_robot_interfaces/share/ament_index/resource_index/parent_prefix_path/my_robot_interfaces
[4.183s] -- Symlinking: /home/ryu/hardware-integrations/demo_arm_ws/install/my_robot_interfaces/share/my_robot_interfaces/environment/ament_prefix_path.sh
[4.191s] -- Symlinking: /home/ryu/hardware-integrations/demo_arm_ws/install/my_robot_interfaces/share/my_robot_interfaces/environment/ament_prefix_path.dsv
[4.202s] -- Symlinking: /home/ryu/hardware-integrations/demo_arm_ws/install/my_robot_interfaces/share/my_robot_interfaces/environment/path.sh
[4.210s] -- Symlinking: /home/ryu/hardware-integrations/demo_arm_ws/install/my_robot_interfaces/share/my_robot_interfaces/environment/path.dsv
[4.219s] -- Symlinking: /home/ryu/hardware-integrations/demo_arm_ws/install/my_robot_interfaces/share/my_robot_interfaces/local_setup.bash
[4.225s] -- Symlinking: /home/ryu/hardware-integrations/demo_arm_ws/install/my_robot_interfaces/share/my_robot_interfaces/local_setup.sh
[4.234s] -- Symlinking: /home/ryu/hardware-integrations/demo_arm_ws/install/my_robot_interfaces/share/my_robot_interfaces/local_setup.zsh
[4.239s] -- Symlinking: /home/ryu/hardware-integrations/demo_arm_ws/install/my_robot_interfaces/share/my_robot_interfaces/local_setup.dsv
[4.249s] -- Symlinking: /home/ryu/hardware-integrations/demo_arm_ws/install/my_robot_interfaces/share/my_robot_interfaces/package.dsv
[4.259s] -- Symlinking: /home/ryu/hardware-integrations/demo_arm_ws/install/my_robot_interfaces/share/ament_index/resource_index/packages/my_robot_interfaces
[4.268s] -- Symlinking: /home/ryu/hardware-integrations/demo_arm_ws/install/my_robot_interfaces/share/my_robot_interfaces/cmake/rosidl_cmake-extras.cmake
[4.278s] -- Symlinking: /home/ryu/hardware-integrations/demo_arm_ws/install/my_robot_interfaces/share/my_robot_interfaces/cmake/ament_cmake_export_include_directories-extras.cmake
[4.289s] -- Symlinking: /home/ryu/hardware-integrations/demo_arm_ws/install/my_robot_interfaces/share/my_robot_interfaces/cmake/ament_cmake_export_libraries-extras.cmake
[4.298s] -- Symlinking: /home/ryu/hardware-integrations/demo_arm_ws/install/my_robot_interfaces/share/my_robot_interfaces/cmake/ament_cmake_export_targets-extras.cmake
[4.306s] -- Symlinking: /home/ryu/hardware-integrations/demo_arm_ws/install/my_robot_interfaces/share/my_robot_interfaces/cmake/rosidl_cmake_export_typesupport_targets-extras.cmake
[4.317s] -- Symlinking: /home/ryu/hardware-integrations/demo_arm_ws/install/my_robot_interfaces/share/my_robot_interfaces/cmake/ament_cmake_export_dependencies-extras.cmake
[4.323s] -- Symlinking: /home/ryu/hardware-integrations/demo_arm_ws/install/my_robot_interfaces/share/my_robot_interfaces/cmake/rosidl_cmake_export_typesupport_libraries-extras.cmake
[4.328s] -- Symlinking: /home/ryu/hardware-integrations/demo_arm_ws/install/my_robot_interfaces/share/my_robot_interfaces/cmake/my_robot_interfacesConfig.cmake
[4.337s] -- Symlinking: /home/ryu/hardware-integrations/demo_arm_ws/install/my_robot_interfaces/share/my_robot_interfaces/cmake/my_robot_interfacesConfig-version.cmake
[4.343s] -- Symlinking: /home/ryu/hardware-integrations/demo_arm_ws/install/my_robot_interfaces/share/my_robot_interfaces/package.xml
[4.352s] -- Installing: /home/ryu/hardware-integrations/demo_arm_ws/install/my_robot_interfaces/lib/libmy_robot_interfaces__rosidl_generator_c.so
[4.353s] -- Set non-toolchain portion of runtime path of "/home/ryu/hardware-integrations/demo_arm_ws/install/my_robot_interfaces/lib/libmy_robot_interfaces__rosidl_generator_c.so" to ""
[4.353s] -- Installing: /home/ryu/hardware-integrations/demo_arm_ws/install/my_robot_interfaces/lib/libmy_robot_interfaces__rosidl_typesupport_fastrtps_c.so
[4.353s] -- Set non-toolchain portion of runtime path of "/home/ryu/hardware-integrations/demo_arm_ws/install/my_robot_interfaces/lib/libmy_robot_interfaces__rosidl_typesupport_fastrtps_c.so" to ""
[4.353s] -- Installing: /home/ryu/hardware-integrations/demo_arm_ws/install/my_robot_interfaces/lib/libmy_robot_interfaces__rosidl_typesupport_introspection_c.so
[4.353s] -- Set non-toolchain portion of runtime path of "/home/ryu/hardware-integrations/demo_arm_ws/install/my_robot_interfaces/lib/libmy_robot_interfaces__rosidl_typesupport_introspection_c.so" to ""
[4.353s] -- Installing: /home/ryu/hardware-integrations/demo_arm_ws/install/my_robot_interfaces/lib/libmy_robot_interfaces__rosidl_typesupport_c.so
[4.353s] -- Set non-toolchain portion of runtime path of "/home/ryu/hardware-integrations/demo_arm_ws/install/my_robot_interfaces/lib/libmy_robot_interfaces__rosidl_typesupport_c.so" to ""
[4.353s] -- Installing: /home/ryu/hardware-integrations/demo_arm_ws/install/my_robot_interfaces/lib/libmy_robot_interfaces__rosidl_typesupport_fastrtps_cpp.so
[4.353s] -- Set non-toolchain portion of runtime path of "/home/ryu/hardware-integrations/demo_arm_ws/install/my_robot_interfaces/lib/libmy_robot_interfaces__rosidl_typesupport_fastrtps_cpp.so" to ""
[4.353s] -- Installing: /home/ryu/hardware-integrations/demo_arm_ws/install/my_robot_interfaces/lib/libmy_robot_interfaces__rosidl_typesupport_introspection_cpp.so
[4.353s] -- Set non-toolchain portion of runtime path of "/home/ryu/hardware-integrations/demo_arm_ws/install/my_robot_interfaces/lib/libmy_robot_interfaces__rosidl_typesupport_introspection_cpp.so" to ""
[4.353s] -- Installing: /home/ryu/hardware-integrations/demo_arm_ws/install/my_robot_interfaces/lib/libmy_robot_interfaces__rosidl_typesupport_cpp.so
[4.354s] -- Set non-toolchain portion of runtime path of "/home/ryu/hardware-integrations/demo_arm_ws/install/my_robot_interfaces/lib/libmy_robot_interfaces__rosidl_typesupport_cpp.so" to ""
[4.378s] Listing '/home/ryu/hardware-integrations/demo_arm_ws/install/my_robot_interfaces/lib/python3.12/site-packages/my_robot_interfaces'...
[4.379s] Compiling '/home/ryu/hardware-integrations/demo_arm_ws/install/my_robot_interfaces/lib/python3.12/site-packages/my_robot_interfaces/__init__.py'...
[4.379s] Listing '/home/ryu/hardware-integrations/demo_arm_ws/install/my_robot_interfaces/lib/python3.12/site-packages/my_robot_interfaces/msg'...
[4.379s] Compiling '/home/ryu/hardware-integrations/demo_arm_ws/install/my_robot_interfaces/lib/python3.12/site-packages/my_robot_interfaces/msg/__init__.py'...
[4.379s] Compiling '/home/ryu/hardware-integrations/demo_arm_ws/install/my_robot_interfaces/lib/python3.12/site-packages/my_robot_interfaces/msg/_pose_command.py'...
[4.382s] -- Installing: /home/ryu/hardware-integrations/demo_arm_ws/install/my_robot_interfaces/lib/libmy_robot_interfaces__rosidl_generator_py.so
[4.382s] -- Set non-toolchain portion of runtime path of "/home/ryu/hardware-integrations/demo_arm_ws/install/my_robot_interfaces/lib/libmy_robot_interfaces__rosidl_generator_py.so" to ""
[4.382s] -- Installing: /home/ryu/hardware-integrations/demo_arm_ws/install/my_robot_interfaces/share/my_robot_interfaces/cmake/export_my_robot_interfaces__rosidl_generator_cExport.cmake
[4.382s] -- Installing: /home/ryu/hardware-integrations/demo_arm_ws/install/my_robot_interfaces/share/my_robot_interfaces/cmake/export_my_robot_interfaces__rosidl_generator_cExport-noconfig.cmake
[4.382s] -- Installing: /home/ryu/hardware-integrations/demo_arm_ws/install/my_robot_interfaces/share/my_robot_interfaces/cmake/export_my_robot_interfaces__rosidl_typesupport_fastrtps_cExport.cmake
[4.382s] -- Installing: /home/ryu/hardware-integrations/demo_arm_ws/install/my_robot_interfaces/share/my_robot_interfaces/cmake/export_my_robot_interfaces__rosidl_typesupport_fastrtps_cExport-noconfig.cmake
[4.383s] -- Installing: /home/ryu/hardware-integrations/demo_arm_ws/install/my_robot_interfaces/share/my_robot_interfaces/cmake/my_robot_interfaces__rosidl_typesupport_introspection_cExport.cmake
[4.383s] -- Installing: /home/ryu/hardware-integrations/demo_arm_ws/install/my_robot_interfaces/share/my_robot_interfaces/cmake/my_robot_interfaces__rosidl_typesupport_introspection_cExport-noconfig.cmake
[4.383s] -- Installing: /home/ryu/hardware-integrations/demo_arm_ws/install/my_robot_interfaces/share/my_robot_interfaces/cmake/my_robot_interfaces__rosidl_typesupport_cExport.cmake
[4.383s] -- Installing: /home/ryu/hardware-integrations/demo_arm_ws/install/my_robot_interfaces/share/my_robot_interfaces/cmake/my_robot_interfaces__rosidl_typesupport_cExport-noconfig.cmake
[4.383s] -- Installing: /home/ryu/hardware-integrations/demo_arm_ws/install/my_robot_interfaces/share/my_robot_interfaces/cmake/export_my_robot_interfaces__rosidl_generator_cppExport.cmake
[4.383s] -- Installing: /home/ryu/hardware-integrations/demo_arm_ws/install/my_robot_interfaces/share/my_robot_interfaces/cmake/export_my_robot_interfaces__rosidl_typesupport_fastrtps_cppExport.cmake
[4.383s] -- Installing: /home/ryu/hardware-integrations/demo_arm_ws/install/my_robot_interfaces/share/my_robot_interfaces/cmake/export_my_robot_interfaces__rosidl_typesupport_fastrtps_cppExport-noconfig.cmake
[4.383s] -- Installing: /home/ryu/hardware-integrations/demo_arm_ws/install/my_robot_interfaces/share/my_robot_interfaces/cmake/my_robot_interfaces__rosidl_typesupport_introspection_cppExport.cmake
[4.383s] -- Installing: /home/ryu/hardware-integrations/demo_arm_ws/install/my_robot_interfaces/share/my_robot_interfaces/cmake/my_robot_interfaces__rosidl_typesupport_introspection_cppExport-noconfig.cmake
[4.383s] -- Installing: /home/ryu/hardware-integrations/demo_arm_ws/install/my_robot_interfaces/share/my_robot_interfaces/cmake/my_robot_interfaces__rosidl_typesupport_cppExport.cmake
[4.383s] -- Installing: /home/ryu/hardware-integrations/demo_arm_ws/install/my_robot_interfaces/share/my_robot_interfaces/cmake/my_robot_interfaces__rosidl_typesupport_cppExport-noconfig.cmake
[4.383s] -- Installing: /home/ryu/hardware-integrations/demo_arm_ws/install/my_robot_interfaces/share/my_robot_interfaces/cmake/export_my_robot_interfaces__rosidl_generator_pyExport.cmake
[4.383s] -- Installing: /home/ryu/hardware-integrations/demo_arm_ws/install/my_robot_interfaces/share/my_robot_interfaces/cmake/export_my_robot_interfaces__rosidl_generator_pyExport-noconfig.cmake
[4.386s] Invoked command in '/home/ryu/hardware-integrations/demo_arm_ws/build/my_robot_interfaces' returned '0': CMAKE_PREFIX_PATH=${CMAKE_PREFIX_PATH}:/opt/ros/jazzy DEBUGINFOD_URLS=https://debuginfod.ubuntu.com /usr/bin/cmake --install /home/ryu/hardware-integrations/demo_arm_ws/build/my_robot_interfaces
